-------------------------------------------------------------------------------
Test set: net.bigpoint.assessment.gasstation.implementation.StationImplTest
-------------------------------------------------------------------------------
Tests run: 2004, Failures: 1917, Errors: 0, Skipped: 0, Time elapsed: 49.596 sec <<< FAILURE!
testBuyGas(net.bigpoint.assessment.gasstation.implementation.StationImplTest)  Time elapsed: 4.707 sec  <<< FAILURE!
java.lang.AssertionError: expected [true] but found [false]
	at org.testng.Assert.fail(Assert.java:94)
	at org.testng.Assert.failNotEquals(Assert.java:494)
	at org.testng.Assert.assertTrue(Assert.java:42)
	at org.testng.Assert.assertTrue(Assert.java:52)
	at net.bigpoint.assessment.gasstation.implementation.StationImplTest.testBuyGas(StationImplTest.java:126)
testBuyGas(net.bigpoint.assessment.gasstation.implementation.StationImplTest)  Time elapsed: 4.707 sec  <<< FAILURE!
java.lang.AssertionError: expected [true] but found [false]
	at org.testng.Assert.fail(Assert.java:94)
	at org.testng.Assert.failNotEquals(Assert.java:494)
	at org.testng.Assert.assertTrue(Assert.java:42)
	at org.testng.Assert.assertTrue(Assert.java:52)
	at net.bigpoint.assessment.gasstation.implementation.StationImplTest.testBuyGas(StationImplTest.java:126)
testBuyGas(net.bigpoint.assessment.gasstation.implementation.StationImplTest)  Time elapsed: 4.707 sec  <<< FAILURE!
java.lang.AssertionError: expected [true] but found [false]
	at org.testng.Assert.fail(Assert.java:94)
	at org.testng.Assert.failNotEquals(Assert.java:494)
	at org.testng.Assert.assertTrue(Assert.java:42)
	at org.testng.Assert.assertTrue(Assert.java:52)
	at net.bigpoint.assessment.gasstation.implementation.StationImplTest.testBuyGas(StationImplTest.java:126)
testBuyGas(net.bigpoint.assessment.gasstation.implementation.StationImplTest)  Time elapsed: 4.708 sec  <<< FAILURE!
java.lang.AssertionError: expected [true] but found [false]
	at org.testng.Assert.fail(Assert.java:94)
	at org.testng.Assert.failNotEquals(Assert.java:494)
	at org.testng.Assert.assertTrue(Assert.java:42)
	at org.testng.Assert.assertTrue(Assert.java:52)
	at net.bigpoint.assessment.gasstation.implementation.StationImplTest.testBuyGas(StationImplTest.java:126)
testBuyGas(net.bigpoint.assessment.gasstation.implementation.StationImplTest)  Time elapsed: 4.708 sec  <<< FAILURE!
java.lang.AssertionError: expected [true] but found [false]
	at org.testng.Assert.fail(Assert.java:94)
	at org.testng.Assert.failNotEquals(Assert.java:494)
	at org.testng.Assert.assertTrue(Assert.java:42)
	at org.testng.Assert.assertTrue(Assert.java:52)
	at net.bigpoint.assessment.gasstation.implementation.StationImplTest.testBuyGas(StationImplTest.java:126)
testBuyGas(net.bigpoint.assessment.gasstation.implementation.StationImplTest)  Time elapsed: 4.742 sec  <<< FAILURE!
java.lang.AssertionError: expected [true] but found [false]
	at org.testng.Assert.fail(Assert.java:94)
	at org.testng.Assert.failNotEquals(Assert.java:494)
	at org.testng.Assert.assertTrue(Assert.java:42)
	at org.testng.Assert.assertTrue(Assert.java:52)
	at net.bigpoint.assessment.gasstation.implementation.StationImplTest.testBuyGas(StationImplTest.java:126)
testBuyGas(net.bigpoint.assessment.gasstation.implementation.StationImplTest)  Time elapsed: 4.742 sec  <<< FAILURE!
java.lang.AssertionError: expected [true] but found [false]
	at org.testng.Assert.fail(Assert.java:94)
	at org.testng.Assert.failNotEquals(Assert.java:494)
	at org.testng.Assert.assertTrue(Assert.java:42)
	at org.testng.Assert.assertTrue(Assert.java:52)
	at net.bigpoint.assessment.gasstation.implementation.StationImplTest.testBuyGas(StationImplTest.java:126)
testBuyGas(net.bigpoint.assessment.gasstation.implementation.StationImplTest)  Time elapsed: 4.743 sec  <<< FAILURE!
java.lang.AssertionError: expected [true] but found [false]
	at org.testng.Assert.fail(Assert.java:94)
	at org.testng.Assert.failNotEquals(Assert.java:494)
	at org.testng.Assert.assertTrue(Assert.java:42)
	at org.testng.Assert.assertTrue(Assert.java:52)
	at net.bigpoint.assessment.gasstation.implementation.StationImplTest.testBuyGas(StationImplTest.java:126)
testBuyGas(net.bigpoint.assessment.gasstation.implementation.StationImplTest)  Time elapsed: 4.744 sec  <<< FAILURE!
java.lang.AssertionError: expected [true] but found [false]
	at org.testng.Assert.fail(Assert.java:94)
	at org.testng.Assert.failNotEquals(Assert.java:494)
	at org.testng.Assert.assertTrue(Assert.java:42)
	at org.testng.Assert.assertTrue(Assert.java:52)
	at net.bigpoint.assessment.gasstation.implementation.StationImplTest.testBuyGas(StationImplTest.java:126)
testBuyGas(net.bigpoint.assessment.gasstation.implementation.StationImplTest)  Time elapsed: 4.745 sec  <<< FAILURE!
java.lang.AssertionError: expected [true] but found [false]
	at org.testng.Assert.fail(Assert.java:94)
	at org.testng.Assert.failNotEquals(Assert.java:494)
	at org.testng.Assert.assertTrue(Assert.java:42)
	at org.testng.Assert.assertTrue(Assert.java:52)
	at net.bigpoint.assessment.gasstation.implementation.StationImplTest.testBuyGas(StationImplTest.java:126)
testBuyGas(net.bigpoint.assessment.gasstation.implementation.StationImplTest)  Time elapsed: 4.746 sec  <<< FAILURE!
java.lang.AssertionError: expected [true] but found [false]
	at org.testng.Assert.fail(Assert.java:94)
	at org.testng.Assert.failNotEquals(Assert.java:494)
	at org.testng.Assert.assertTrue(Assert.java:42)
	at org.testng.Assert.assertTrue(Assert.java:52)
	at net.bigpoint.assessment.gasstation.implementation.StationImplTest.testBuyGas(StationImplTest.java:126)
testBuyGas(net.bigpoint.assessment.gasstation.implementation.StationImplTest)  Time elapsed: 4.863 sec  <<< FAILURE!
java.lang.AssertionError: expected [true] but found [false]
	at org.testng.Assert.fail(Assert.java:94)
	at org.testng.Assert.failNotEquals(Assert.java:494)
	at org.testng.Assert.assertTrue(Assert.java:42)
	at org.testng.Assert.assertTrue(Assert.java:52)
	at net.bigpoint.assessment.gasstation.implementation.StationImplTest.testBuyGas(StationImplTest.java:126)
testBuyGas(net.bigpoint.assessment.gasstation.implementation.StationImplTest)  Time elapsed: 4.863 sec  <<< FAILURE!
java.lang.AssertionError: expected [true] but found [false]
	at org.testng.Assert.fail(Assert.java:94)
	at org.testng.Assert.failNotEquals(Assert.java:494)
	at org.testng.Assert.assertTrue(Assert.java:42)
	at org.testng.Assert.assertTrue(Assert.java:52)
	at net.bigpoint.assessment.gasstation.implementation.StationImplTest.testBuyGas(StationImplTest.java:126)
testBuyGas(net.bigpoint.assessment.gasstation.implementation.StationImplTest)  Time elapsed: 4.864 sec  <<< FAILURE!
java.lang.AssertionError: expected [true] but found [false]
	at org.testng.Assert.fail(Assert.java:94)
	at org.testng.Assert.failNotEquals(Assert.java:494)
	at org.testng.Assert.assertTrue(Assert.java:42)
	at org.testng.Assert.assertTrue(Assert.java:52)
	at net.bigpoint.assessment.gasstation.implementation.StationImplTest.testBuyGas(StationImplTest.java:126)
testBuyGas(net.bigpoint.assessment.gasstation.implementation.StationImplTest)  Time elapsed: 4.864 sec  <<< FAILURE!
java.lang.AssertionError: expected [true] but found [false]
	at org.testng.Assert.fail(Assert.java:94)
	at org.testng.Assert.failNotEquals(Assert.java:494)
	at org.testng.Assert.assertTrue(Assert.java:42)
	at org.testng.Assert.assertTrue(Assert.java:52)
	at net.bigpoint.assessment.gasstation.implementation.StationImplTest.testBuyGas(StationImplTest.java:126)
testBuyGas(net.bigpoint.assessment.gasstation.implementation.StationImplTest)  Time elapsed: 4.865 sec  <<< FAILURE!
java.lang.AssertionError: expected [true] but found [false]
	at org.testng.Assert.fail(Assert.java:94)
	at org.testng.Assert.failNotEquals(Assert.java:494)
	at org.testng.Assert.assertTrue(Assert.java:42)
	at org.testng.Assert.assertTrue(Assert.java:52)
	at net.bigpoint.assessment.gasstation.implementation.StationImplTest.testBuyGas(StationImplTest.java:126)
testBuyGas(net.bigpoint.assessment.gasstation.implementation.StationImplTest)  Time elapsed: 4.912 sec  <<< FAILURE!
java.lang.AssertionError: expected [true] but found [false]
	at org.testng.Assert.fail(Assert.java:94)
	at org.testng.Assert.failNotEquals(Assert.java:494)
	at org.testng.Assert.assertTrue(Assert.java:42)
	at org.testng.Assert.assertTrue(Assert.java:52)
	at net.bigpoint.assessment.gasstation.implementation.StationImplTest.testBuyGas(StationImplTest.java:126)
testBuyGas(net.bigpoint.assessment.gasstation.implementation.StationImplTest)  Time elapsed: 4.912 sec  <<< FAILURE!
java.lang.AssertionError: expected [true] but found [false]
	at org.testng.Assert.fail(Assert.java:94)
	at org.testng.Assert.failNotEquals(Assert.java:494)
	at org.testng.Assert.assertTrue(Assert.java:42)
	at org.testng.Assert.assertTrue(Assert.java:52)
	at net.bigpoint.assessment.gasstation.implementation.StationImplTest.testBuyGas(StationImplTest.java:126)
testBuyGas(net.bigpoint.assessment.gasstation.implementation.StationImplTest)  Time elapsed: 4.913 sec  <<< FAILURE!
java.lang.AssertionError: expected [true] but found [false]
	at org.testng.Assert.fail(Assert.java:94)
	at org.testng.Assert.failNotEquals(Assert.java:494)
	at org.testng.Assert.assertTrue(Assert.java:42)
	at org.testng.Assert.assertTrue(Assert.java:52)
	at net.bigpoint.assessment.gasstation.implementation.StationImplTest.testBuyGas(StationImplTest.java:126)
testBuyGas(net.bigpoint.assessment.gasstation.implementation.StationImplTest)  Time elapsed: 4.937 sec  <<< FAILURE!
java.lang.AssertionError: expected [true] but found [false]
	at org.testng.Assert.fail(Assert.java:94)
	at org.testng.Assert.failNotEquals(Assert.java:494)
	at org.testng.Assert.assertTrue(Assert.java:42)
	at org.testng.Assert.assertTrue(Assert.java:52)
	at net.bigpoint.assessment.gasstation.implementation.StationImplTest.testBuyGas(StationImplTest.java:126)
testBuyGas(net.bigpoint.assessment.gasstation.implementation.StationImplTest)  Time elapsed: 4.938 sec  <<< FAILURE!
java.lang.AssertionError: expected [true] but found [false]
	at org.testng.Assert.fail(Assert.java:94)
	at org.testng.Assert.failNotEquals(Assert.java:494)
	at org.testng.Assert.assertTrue(Assert.java:42)
	at org.testng.Assert.assertTrue(Assert.java:52)
	at net.bigpoint.assessment.gasstation.implementation.StationImplTest.testBuyGas(StationImplTest.java:126)
testBuyGas(net.bigpoint.assessment.gasstation.implementation.StationImplTest)  Time elapsed: 4.939 sec  <<< FAILURE!
java.lang.AssertionError: expected [true] but found [false]
	at org.testng.Assert.fail(Assert.java:94)
	at org.testng.Assert.failNotEquals(Assert.java:494)
	at org.testng.Assert.assertTrue(Assert.java:42)
	at org.testng.Assert.assertTrue(Assert.java:52)
	at net.bigpoint.assessment.gasstation.implementation.StationImplTest.testBuyGas(StationImplTest.java:126)
testBuyGas(net.bigpoint.assessment.gasstation.implementation.StationImplTest)  Time elapsed: 4.94 sec  <<< FAILURE!
java.lang.AssertionError: expected [true] but found [false]
	at org.testng.Assert.fail(Assert.java:94)
	at org.testng.Assert.failNotEquals(Assert.java:494)
	at org.testng.Assert.assertTrue(Assert.java:42)
	at org.testng.Assert.assertTrue(Assert.java:52)
	at net.bigpoint.assessment.gasstation.implementation.StationImplTest.testBuyGas(StationImplTest.java:126)
testBuyGas(net.bigpoint.assessment.gasstation.implementation.StationImplTest)  Time elapsed: 4.94 sec  <<< FAILURE!
java.lang.AssertionError: expected [true] but found [false]
	at org.testng.Assert.fail(Assert.java:94)
	at org.testng.Assert.failNotEquals(Assert.java:494)
	at org.testng.Assert.assertTrue(Assert.java:42)
	at org.testng.Assert.assertTrue(Assert.java:52)
	at net.bigpoint.assessment.gasstation.implementation.StationImplTest.testBuyGas(StationImplTest.java:126)
testBuyGas(net.bigpoint.assessment.gasstation.implementation.StationImplTest)  Time elapsed: 4.941 sec  <<< FAILURE!
java.lang.AssertionError: expected [true] but found [false]
	at org.testng.Assert.fail(Assert.java:94)
	at org.testng.Assert.failNotEquals(Assert.java:494)
	at org.testng.Assert.assertTrue(Assert.java:42)
	at org.testng.Assert.assertTrue(Assert.java:52)
	at net.bigpoint.assessment.gasstation.implementation.StationImplTest.testBuyGas(StationImplTest.java:126)
testBuyGas(net.bigpoint.assessment.gasstation.implementation.StationImplTest)  Time elapsed: 4.942 sec  <<< FAILURE!
java.lang.AssertionError: expected [true] but found [false]
	at org.testng.Assert.fail(Assert.java:94)
	at org.testng.Assert.failNotEquals(Assert.java:494)
	at org.testng.Assert.assertTrue(Assert.java:42)
	at org.testng.Assert.assertTrue(Assert.java:52)
	at net.bigpoint.assessment.gasstation.implementation.StationImplTest.testBuyGas(StationImplTest.java:126)
testBuyGas(net.bigpoint.assessment.gasstation.implementation.StationImplTest)  Time elapsed: 4.942 sec  <<< FAILURE!
java.lang.AssertionError: expected [true] but found [false]
	at org.testng.Assert.fail(Assert.java:94)
	at org.testng.Assert.failNotEquals(Assert.java:494)
	at org.testng.Assert.assertTrue(Assert.java:42)
	at org.testng.Assert.assertTrue(Assert.java:52)
	at net.bigpoint.assessment.gasstation.implementation.StationImplTest.testBuyGas(StationImplTest.java:126)
testBuyGas(net.bigpoint.assessment.gasstation.implementation.StationImplTest)  Time elapsed: 4.943 sec  <<< FAILURE!
java.lang.AssertionError: expected [true] but found [false]
	at org.testng.Assert.fail(Assert.java:94)
	at org.testng.Assert.failNotEquals(Assert.java:494)
	at org.testng.Assert.assertTrue(Assert.java:42)
	at org.testng.Assert.assertTrue(Assert.java:52)
	at net.bigpoint.assessment.gasstation.implementation.StationImplTest.testBuyGas(StationImplTest.java:126)
testBuyGas(net.bigpoint.assessment.gasstation.implementation.StationImplTest)  Time elapsed: 4.943 sec  <<< FAILURE!
java.lang.AssertionError: expected [true] but found [false]
	at org.testng.Assert.fail(Assert.java:94)
	at org.testng.Assert.failNotEquals(Assert.java:494)
	at org.testng.Assert.assertTrue(Assert.java:42)
	at org.testng.Assert.assertTrue(Assert.java:52)
	at net.bigpoint.assessment.gasstation.implementation.StationImplTest.testBuyGas(StationImplTest.java:126)
testBuyGas(net.bigpoint.assessment.gasstation.implementation.StationImplTest)  Time elapsed: 4.944 sec  <<< FAILURE!
java.lang.AssertionError: expected [true] but found [false]
	at org.testng.Assert.fail(Assert.java:94)
	at org.testng.Assert.failNotEquals(Assert.java:494)
	at org.testng.Assert.assertTrue(Assert.java:42)
	at org.testng.Assert.assertTrue(Assert.java:52)
	at net.bigpoint.assessment.gasstation.implementation.StationImplTest.testBuyGas(StationImplTest.java:126)
testBuyGas(net.bigpoint.assessment.gasstation.implementation.StationImplTest)  Time elapsed: 4.945 sec  <<< FAILURE!
java.lang.AssertionError: expected [true] but found [false]
	at org.testng.Assert.fail(Assert.java:94)
	at org.testng.Assert.failNotEquals(Assert.java:494)
	at org.testng.Assert.assertTrue(Assert.java:42)
	at org.testng.Assert.assertTrue(Assert.java:52)
	at net.bigpoint.assessment.gasstation.implementation.StationImplTest.testBuyGas(StationImplTest.java:126)
testBuyGas(net.bigpoint.assessment.gasstation.implementation.StationImplTest)  Time elapsed: 4.946 sec  <<< FAILURE!
java.lang.AssertionError: expected [true] but found [false]
	at org.testng.Assert.fail(Assert.java:94)
	at org.testng.Assert.failNotEquals(Assert.java:494)
	at org.testng.Assert.assertTrue(Assert.java:42)
	at org.testng.Assert.assertTrue(Assert.java:52)
	at net.bigpoint.assessment.gasstation.implementation.StationImplTest.testBuyGas(StationImplTest.java:126)
testBuyGas(net.bigpoint.assessment.gasstation.implementation.StationImplTest)  Time elapsed: 4.946 sec  <<< FAILURE!
java.lang.AssertionError: expected [true] but found [false]
	at org.testng.Assert.fail(Assert.java:94)
	at org.testng.Assert.failNotEquals(Assert.java:494)
	at org.testng.Assert.assertTrue(Assert.java:42)
	at org.testng.Assert.assertTrue(Assert.java:52)
	at net.bigpoint.assessment.gasstation.implementation.StationImplTest.testBuyGas(StationImplTest.java:126)
testBuyGas(net.bigpoint.assessment.gasstation.implementation.StationImplTest)  Time elapsed: 4.947 sec  <<< FAILURE!
java.lang.AssertionError: expected [true] but found [false]
	at org.testng.Assert.fail(Assert.java:94)
	at org.testng.Assert.failNotEquals(Assert.java:494)
	at org.testng.Assert.assertTrue(Assert.java:42)
	at org.testng.Assert.assertTrue(Assert.java:52)
	at net.bigpoint.assessment.gasstation.implementation.StationImplTest.testBuyGas(StationImplTest.java:126)
testBuyGas(net.bigpoint.assessment.gasstation.implementation.StationImplTest)  Time elapsed: 4.948 sec  <<< FAILURE!
java.lang.AssertionError: expected [true] but found [false]
	at org.testng.Assert.fail(Assert.java:94)
	at org.testng.Assert.failNotEquals(Assert.java:494)
	at org.testng.Assert.assertTrue(Assert.java:42)
	at org.testng.Assert.assertTrue(Assert.java:52)
	at net.bigpoint.assessment.gasstation.implementation.StationImplTest.testBuyGas(StationImplTest.java:126)
testBuyGas(net.bigpoint.assessment.gasstation.implementation.StationImplTest)  Time elapsed: 4.948 sec  <<< FAILURE!
java.lang.AssertionError: expected [true] but found [false]
	at org.testng.Assert.fail(Assert.java:94)
	at org.testng.Assert.failNotEquals(Assert.java:494)
	at org.testng.Assert.assertTrue(Assert.java:42)
	at org.testng.Assert.assertTrue(Assert.java:52)
	at net.bigpoint.assessment.gasstation.implementation.StationImplTest.testBuyGas(StationImplTest.java:126)
testBuyGas(net.bigpoint.assessment.gasstation.implementation.StationImplTest)  Time elapsed: 4.95 sec  <<< FAILURE!
java.lang.AssertionError: expected [true] but found [false]
	at org.testng.Assert.fail(Assert.java:94)
	at org.testng.Assert.failNotEquals(Assert.java:494)
	at org.testng.Assert.assertTrue(Assert.java:42)
	at org.testng.Assert.assertTrue(Assert.java:52)
	at net.bigpoint.assessment.gasstation.implementation.StationImplTest.testBuyGas(StationImplTest.java:126)
testBuyGas(net.bigpoint.assessment.gasstation.implementation.StationImplTest)  Time elapsed: 4.95 sec  <<< FAILURE!
java.lang.AssertionError: expected [true] but found [false]
	at org.testng.Assert.fail(Assert.java:94)
	at org.testng.Assert.failNotEquals(Assert.java:494)
	at org.testng.Assert.assertTrue(Assert.java:42)
	at org.testng.Assert.assertTrue(Assert.java:52)
	at net.bigpoint.assessment.gasstation.implementation.StationImplTest.testBuyGas(StationImplTest.java:126)
testBuyGas(net.bigpoint.assessment.gasstation.implementation.StationImplTest)  Time elapsed: 4.951 sec  <<< FAILURE!
java.lang.AssertionError: expected [true] but found [false]
	at org.testng.Assert.fail(Assert.java:94)
	at org.testng.Assert.failNotEquals(Assert.java:494)
	at org.testng.Assert.assertTrue(Assert.java:42)
	at org.testng.Assert.assertTrue(Assert.java:52)
	at net.bigpoint.assessment.gasstation.implementation.StationImplTest.testBuyGas(StationImplTest.java:126)
testBuyGas(net.bigpoint.assessment.gasstation.implementation.StationImplTest)  Time elapsed: 4.966 sec  <<< FAILURE!
java.lang.AssertionError: expected [true] but found [false]
	at org.testng.Assert.fail(Assert.java:94)
	at org.testng.Assert.failNotEquals(Assert.java:494)
	at org.testng.Assert.assertTrue(Assert.java:42)
	at org.testng.Assert.assertTrue(Assert.java:52)
	at net.bigpoint.assessment.gasstation.implementation.StationImplTest.testBuyGas(StationImplTest.java:126)
testBuyGas(net.bigpoint.assessment.gasstation.implementation.StationImplTest)  Time elapsed: 4.966 sec  <<< FAILURE!
java.lang.AssertionError: expected [true] but found [false]
	at org.testng.Assert.fail(Assert.java:94)
	at org.testng.Assert.failNotEquals(Assert.java:494)
	at org.testng.Assert.assertTrue(Assert.java:42)
	at org.testng.Assert.assertTrue(Assert.java:52)
	at net.bigpoint.assessment.gasstation.implementation.StationImplTest.testBuyGas(StationImplTest.java:126)
testBuyGas(net.bigpoint.assessment.gasstation.implementation.StationImplTest)  Time elapsed: 4.968 sec  <<< FAILURE!
java.lang.AssertionError: expected [true] but found [false]
	at org.testng.Assert.fail(Assert.java:94)
	at org.testng.Assert.failNotEquals(Assert.java:494)
	at org.testng.Assert.assertTrue(Assert.java:42)
	at org.testng.Assert.assertTrue(Assert.java:52)
	at net.bigpoint.assessment.gasstation.implementation.StationImplTest.testBuyGas(StationImplTest.java:126)
testBuyGas(net.bigpoint.assessment.gasstation.implementation.StationImplTest)  Time elapsed: 4.969 sec  <<< FAILURE!
java.lang.AssertionError: expected [true] but found [false]
	at org.testng.Assert.fail(Assert.java:94)
	at org.testng.Assert.failNotEquals(Assert.java:494)
	at org.testng.Assert.assertTrue(Assert.java:42)
	at org.testng.Assert.assertTrue(Assert.java:52)
	at net.bigpoint.assessment.gasstation.implementation.StationImplTest.testBuyGas(StationImplTest.java:126)
testBuyGas(net.bigpoint.assessment.gasstation.implementation.StationImplTest)  Time elapsed: 4.97 sec  <<< FAILURE!
java.lang.AssertionError: expected [true] but found [false]
	at org.testng.Assert.fail(Assert.java:94)
	at org.testng.Assert.failNotEquals(Assert.java:494)
	at org.testng.Assert.assertTrue(Assert.java:42)
	at org.testng.Assert.assertTrue(Assert.java:52)
	at net.bigpoint.assessment.gasstation.implementation.StationImplTest.testBuyGas(StationImplTest.java:126)
testBuyGas(net.bigpoint.assessment.gasstation.implementation.StationImplTest)  Time elapsed: 4.972 sec  <<< FAILURE!
java.lang.AssertionError: expected [true] but found [false]
	at org.testng.Assert.fail(Assert.java:94)
	at org.testng.Assert.failNotEquals(Assert.java:494)
	at org.testng.Assert.assertTrue(Assert.java:42)
	at org.testng.Assert.assertTrue(Assert.java:52)
	at net.bigpoint.assessment.gasstation.implementation.StationImplTest.testBuyGas(StationImplTest.java:126)
testBuyGas(net.bigpoint.assessment.gasstation.implementation.StationImplTest)  Time elapsed: 4.973 sec  <<< FAILURE!
java.lang.AssertionError: expected [true] but found [false]
	at org.testng.Assert.fail(Assert.java:94)
	at org.testng.Assert.failNotEquals(Assert.java:494)
	at org.testng.Assert.assertTrue(Assert.java:42)
	at org.testng.Assert.assertTrue(Assert.java:52)
	at net.bigpoint.assessment.gasstation.implementation.StationImplTest.testBuyGas(StationImplTest.java:126)
testBuyGas(net.bigpoint.assessment.gasstation.implementation.StationImplTest)  Time elapsed: 4.974 sec  <<< FAILURE!
java.lang.AssertionError: expected [true] but found [false]
	at org.testng.Assert.fail(Assert.java:94)
	at org.testng.Assert.failNotEquals(Assert.java:494)
	at org.testng.Assert.assertTrue(Assert.java:42)
	at org.testng.Assert.assertTrue(Assert.java:52)
	at net.bigpoint.assessment.gasstation.implementation.StationImplTest.testBuyGas(StationImplTest.java:126)
testBuyGas(net.bigpoint.assessment.gasstation.implementation.StationImplTest)  Time elapsed: 4.974 sec  <<< FAILURE!
java.lang.AssertionError: expected [true] but found [false]
	at org.testng.Assert.fail(Assert.java:94)
	at org.testng.Assert.failNotEquals(Assert.java:494)
	at org.testng.Assert.assertTrue(Assert.java:42)
	at org.testng.Assert.assertTrue(Assert.java:52)
	at net.bigpoint.assessment.gasstation.implementation.StationImplTest.testBuyGas(StationImplTest.java:126)
testBuyGas(net.bigpoint.assessment.gasstation.implementation.StationImplTest)  Time elapsed: 5.01 sec  <<< FAILURE!
java.lang.AssertionError: expected [true] but found [false]
	at org.testng.Assert.fail(Assert.java:94)
	at org.testng.Assert.failNotEquals(Assert.java:494)
	at org.testng.Assert.assertTrue(Assert.java:42)
	at org.testng.Assert.assertTrue(Assert.java:52)
	at net.bigpoint.assessment.gasstation.implementation.StationImplTest.testBuyGas(StationImplTest.java:126)
testBuyGas(net.bigpoint.assessment.gasstation.implementation.StationImplTest)  Time elapsed: 5.01 sec  <<< FAILURE!
java.lang.AssertionError: expected [true] but found [false]
	at org.testng.Assert.fail(Assert.java:94)
	at org.testng.Assert.failNotEquals(Assert.java:494)
	at org.testng.Assert.assertTrue(Assert.java:42)
	at org.testng.Assert.assertTrue(Assert.java:52)
	at net.bigpoint.assessment.gasstation.implementation.StationImplTest.testBuyGas(StationImplTest.java:126)
testBuyGas(net.bigpoint.assessment.gasstation.implementation.StationImplTest)  Time elapsed: 5.011 sec  <<< FAILURE!
java.lang.AssertionError: expected [true] but found [false]
	at org.testng.Assert.fail(Assert.java:94)
	at org.testng.Assert.failNotEquals(Assert.java:494)
	at org.testng.Assert.assertTrue(Assert.java:42)
	at org.testng.Assert.assertTrue(Assert.java:52)
	at net.bigpoint.assessment.gasstation.implementation.StationImplTest.testBuyGas(StationImplTest.java:126)
testBuyGas(net.bigpoint.assessment.gasstation.implementation.StationImplTest)  Time elapsed: 5.011 sec  <<< FAILURE!
java.lang.AssertionError: expected [true] but found [false]
	at org.testng.Assert.fail(Assert.java:94)
	at org.testng.Assert.failNotEquals(Assert.java:494)
	at org.testng.Assert.assertTrue(Assert.java:42)
	at org.testng.Assert.assertTrue(Assert.java:52)
	at net.bigpoint.assessment.gasstation.implementation.StationImplTest.testBuyGas(StationImplTest.java:126)
testBuyGas(net.bigpoint.assessment.gasstation.implementation.StationImplTest)  Time elapsed: 5.012 sec  <<< FAILURE!
java.lang.AssertionError: expected [true] but found [false]
	at org.testng.Assert.fail(Assert.java:94)
	at org.testng.Assert.failNotEquals(Assert.java:494)
	at org.testng.Assert.assertTrue(Assert.java:42)
	at org.testng.Assert.assertTrue(Assert.java:52)
	at net.bigpoint.assessment.gasstation.implementation.StationImplTest.testBuyGas(StationImplTest.java:126)
testBuyGas(net.bigpoint.assessment.gasstation.implementation.StationImplTest)  Time elapsed: 5.013 sec  <<< FAILURE!
java.lang.AssertionError: expected [true] but found [false]
	at org.testng.Assert.fail(Assert.java:94)
	at org.testng.Assert.failNotEquals(Assert.java:494)
	at org.testng.Assert.assertTrue(Assert.java:42)
	at org.testng.Assert.assertTrue(Assert.java:52)
	at net.bigpoint.assessment.gasstation.implementation.StationImplTest.testBuyGas(StationImplTest.java:126)
testBuyGas(net.bigpoint.assessment.gasstation.implementation.StationImplTest)  Time elapsed: 5.013 sec  <<< FAILURE!
java.lang.AssertionError: expected [true] but found [false]
	at org.testng.Assert.fail(Assert.java:94)
	at org.testng.Assert.failNotEquals(Assert.java:494)
	at org.testng.Assert.assertTrue(Assert.java:42)
	at org.testng.Assert.assertTrue(Assert.java:52)
	at net.bigpoint.assessment.gasstation.implementation.StationImplTest.testBuyGas(StationImplTest.java:126)
testBuyGas(net.bigpoint.assessment.gasstation.implementation.StationImplTest)  Time elapsed: 5.014 sec  <<< FAILURE!
java.lang.AssertionError: expected [true] but found [false]
	at org.testng.Assert.fail(Assert.java:94)
	at org.testng.Assert.failNotEquals(Assert.java:494)
	at org.testng.Assert.assertTrue(Assert.java:42)
	at org.testng.Assert.assertTrue(Assert.java:52)
	at net.bigpoint.assessment.gasstation.implementation.StationImplTest.testBuyGas(StationImplTest.java:126)
testBuyGas(net.bigpoint.assessment.gasstation.implementation.StationImplTest)  Time elapsed: 5.014 sec  <<< FAILURE!
java.lang.AssertionError: expected [true] but found [false]
	at org.testng.Assert.fail(Assert.java:94)
	at org.testng.Assert.failNotEquals(Assert.java:494)
	at org.testng.Assert.assertTrue(Assert.java:42)
	at org.testng.Assert.assertTrue(Assert.java:52)
	at net.bigpoint.assessment.gasstation.implementation.StationImplTest.testBuyGas(StationImplTest.java:126)
testBuyGas(net.bigpoint.assessment.gasstation.implementation.StationImplTest)  Time elapsed: 5.015 sec  <<< FAILURE!
java.lang.AssertionError: expected [true] but found [false]
	at org.testng.Assert.fail(Assert.java:94)
	at org.testng.Assert.failNotEquals(Assert.java:494)
	at org.testng.Assert.assertTrue(Assert.java:42)
	at org.testng.Assert.assertTrue(Assert.java:52)
	at net.bigpoint.assessment.gasstation.implementation.StationImplTest.testBuyGas(StationImplTest.java:126)
testBuyGas(net.bigpoint.assessment.gasstation.implementation.StationImplTest)  Time elapsed: 5.016 sec  <<< FAILURE!
java.lang.AssertionError: expected [true] but found [false]
	at org.testng.Assert.fail(Assert.java:94)
	at org.testng.Assert.failNotEquals(Assert.java:494)
	at org.testng.Assert.assertTrue(Assert.java:42)
	at org.testng.Assert.assertTrue(Assert.java:52)
	at net.bigpoint.assessment.gasstation.implementation.StationImplTest.testBuyGas(StationImplTest.java:126)
testBuyGas(net.bigpoint.assessment.gasstation.implementation.StationImplTest)  Time elapsed: 5.017 sec  <<< FAILURE!
java.lang.AssertionError: expected [true] but found [false]
	at org.testng.Assert.fail(Assert.java:94)
	at org.testng.Assert.failNotEquals(Assert.java:494)
	at org.testng.Assert.assertTrue(Assert.java:42)
	at org.testng.Assert.assertTrue(Assert.java:52)
	at net.bigpoint.assessment.gasstation.implementation.StationImplTest.testBuyGas(StationImplTest.java:126)
testBuyGas(net.bigpoint.assessment.gasstation.implementation.StationImplTest)  Time elapsed: 5.017 sec  <<< FAILURE!
java.lang.AssertionError: expected [true] but found [false]
	at org.testng.Assert.fail(Assert.java:94)
	at org.testng.Assert.failNotEquals(Assert.java:494)
	at org.testng.Assert.assertTrue(Assert.java:42)
	at org.testng.Assert.assertTrue(Assert.java:52)
	at net.bigpoint.assessment.gasstation.implementation.StationImplTest.testBuyGas(StationImplTest.java:126)
testBuyGas(net.bigpoint.assessment.gasstation.implementation.StationImplTest)  Time elapsed: 5.018 sec  <<< FAILURE!
java.lang.AssertionError: expected [true] but found [false]
	at org.testng.Assert.fail(Assert.java:94)
	at org.testng.Assert.failNotEquals(Assert.java:494)
	at org.testng.Assert.assertTrue(Assert.java:42)
	at org.testng.Assert.assertTrue(Assert.java:52)
	at net.bigpoint.assessment.gasstation.implementation.StationImplTest.testBuyGas(StationImplTest.java:126)
testBuyGas(net.bigpoint.assessment.gasstation.implementation.StationImplTest)  Time elapsed: 5.019 sec  <<< FAILURE!
java.lang.AssertionError: expected [true] but found [false]
	at org.testng.Assert.fail(Assert.java:94)
	at org.testng.Assert.failNotEquals(Assert.java:494)
	at org.testng.Assert.assertTrue(Assert.java:42)
	at org.testng.Assert.assertTrue(Assert.java:52)
	at net.bigpoint.assessment.gasstation.implementation.StationImplTest.testBuyGas(StationImplTest.java:126)
testBuyGas(net.bigpoint.assessment.gasstation.implementation.StationImplTest)  Time elapsed: 5.019 sec  <<< FAILURE!
java.lang.AssertionError: expected [true] but found [false]
	at org.testng.Assert.fail(Assert.java:94)
	at org.testng.Assert.failNotEquals(Assert.java:494)
	at org.testng.Assert.assertTrue(Assert.java:42)
	at org.testng.Assert.assertTrue(Assert.java:52)
	at net.bigpoint.assessment.gasstation.implementation.StationImplTest.testBuyGas(StationImplTest.java:126)
testBuyGas(net.bigpoint.assessment.gasstation.implementation.StationImplTest)  Time elapsed: 5.022 sec  <<< FAILURE!
java.lang.AssertionError: expected [true] but found [false]
	at org.testng.Assert.fail(Assert.java:94)
	at org.testng.Assert.failNotEquals(Assert.java:494)
	at org.testng.Assert.assertTrue(Assert.java:42)
	at org.testng.Assert.assertTrue(Assert.java:52)
	at net.bigpoint.assessment.gasstation.implementation.StationImplTest.testBuyGas(StationImplTest.java:126)
testBuyGas(net.bigpoint.assessment.gasstation.implementation.StationImplTest)  Time elapsed: 5.022 sec  <<< FAILURE!
java.lang.AssertionError: expected [true] but found [false]
	at org.testng.Assert.fail(Assert.java:94)
	at org.testng.Assert.failNotEquals(Assert.java:494)
	at org.testng.Assert.assertTrue(Assert.java:42)
	at org.testng.Assert.assertTrue(Assert.java:52)
	at net.bigpoint.assessment.gasstation.implementation.StationImplTest.testBuyGas(StationImplTest.java:126)
testBuyGas(net.bigpoint.assessment.gasstation.implementation.StationImplTest)  Time elapsed: 5.023 sec  <<< FAILURE!
java.lang.AssertionError: expected [true] but found [false]
	at org.testng.Assert.fail(Assert.java:94)
	at org.testng.Assert.failNotEquals(Assert.java:494)
	at org.testng.Assert.assertTrue(Assert.java:42)
	at org.testng.Assert.assertTrue(Assert.java:52)
	at net.bigpoint.assessment.gasstation.implementation.StationImplTest.testBuyGas(StationImplTest.java:126)
testBuyGas(net.bigpoint.assessment.gasstation.implementation.StationImplTest)  Time elapsed: 5.023 sec  <<< FAILURE!
java.lang.AssertionError: expected [true] but found [false]
	at org.testng.Assert.fail(Assert.java:94)
	at org.testng.Assert.failNotEquals(Assert.java:494)
	at org.testng.Assert.assertTrue(Assert.java:42)
	at org.testng.Assert.assertTrue(Assert.java:52)
	at net.bigpoint.assessment.gasstation.implementation.StationImplTest.testBuyGas(StationImplTest.java:126)
testBuyGas(net.bigpoint.assessment.gasstation.implementation.StationImplTest)  Time elapsed: 5.024 sec  <<< FAILURE!
java.lang.AssertionError: expected [true] but found [false]
	at org.testng.Assert.fail(Assert.java:94)
	at org.testng.Assert.failNotEquals(Assert.java:494)
	at org.testng.Assert.assertTrue(Assert.java:42)
	at org.testng.Assert.assertTrue(Assert.java:52)
	at net.bigpoint.assessment.gasstation.implementation.StationImplTest.testBuyGas(StationImplTest.java:126)
testBuyGas(net.bigpoint.assessment.gasstation.implementation.StationImplTest)  Time elapsed: 5.024 sec  <<< FAILURE!
java.lang.AssertionError: expected [true] but found [false]
	at org.testng.Assert.fail(Assert.java:94)
	at org.testng.Assert.failNotEquals(Assert.java:494)
	at org.testng.Assert.assertTrue(Assert.java:42)
	at org.testng.Assert.assertTrue(Assert.java:52)
	at net.bigpoint.assessment.gasstation.implementation.StationImplTest.testBuyGas(StationImplTest.java:126)
testBuyGas(net.bigpoint.assessment.gasstation.implementation.StationImplTest)  Time elapsed: 5.025 sec  <<< FAILURE!
java.lang.AssertionError: expected [true] but found [false]
	at org.testng.Assert.fail(Assert.java:94)
	at org.testng.Assert.failNotEquals(Assert.java:494)
	at org.testng.Assert.assertTrue(Assert.java:42)
	at org.testng.Assert.assertTrue(Assert.java:52)
	at net.bigpoint.assessment.gasstation.implementation.StationImplTest.testBuyGas(StationImplTest.java:126)
testBuyGas(net.bigpoint.assessment.gasstation.implementation.StationImplTest)  Time elapsed: 5.026 sec  <<< FAILURE!
java.lang.AssertionError: expected [true] but found [false]
	at org.testng.Assert.fail(Assert.java:94)
	at org.testng.Assert.failNotEquals(Assert.java:494)
	at org.testng.Assert.assertTrue(Assert.java:42)
	at org.testng.Assert.assertTrue(Assert.java:52)
	at net.bigpoint.assessment.gasstation.implementation.StationImplTest.testBuyGas(StationImplTest.java:126)
testBuyGas(net.bigpoint.assessment.gasstation.implementation.StationImplTest)  Time elapsed: 5.026 sec  <<< FAILURE!
java.lang.AssertionError: expected [true] but found [false]
	at org.testng.Assert.fail(Assert.java:94)
	at org.testng.Assert.failNotEquals(Assert.java:494)
	at org.testng.Assert.assertTrue(Assert.java:42)
	at org.testng.Assert.assertTrue(Assert.java:52)
	at net.bigpoint.assessment.gasstation.implementation.StationImplTest.testBuyGas(StationImplTest.java:126)
testBuyGas(net.bigpoint.assessment.gasstation.implementation.StationImplTest)  Time elapsed: 5.027 sec  <<< FAILURE!
java.lang.AssertionError: expected [true] but found [false]
	at org.testng.Assert.fail(Assert.java:94)
	at org.testng.Assert.failNotEquals(Assert.java:494)
	at org.testng.Assert.assertTrue(Assert.java:42)
	at org.testng.Assert.assertTrue(Assert.java:52)
	at net.bigpoint.assessment.gasstation.implementation.StationImplTest.testBuyGas(StationImplTest.java:126)
testBuyGas(net.bigpoint.assessment.gasstation.implementation.StationImplTest)  Time elapsed: 5.028 sec  <<< FAILURE!
java.lang.AssertionError: expected [true] but found [false]
	at org.testng.Assert.fail(Assert.java:94)
	at org.testng.Assert.failNotEquals(Assert.java:494)
	at org.testng.Assert.assertTrue(Assert.java:42)
	at org.testng.Assert.assertTrue(Assert.java:52)
	at net.bigpoint.assessment.gasstation.implementation.StationImplTest.testBuyGas(StationImplTest.java:126)
testBuyGas(net.bigpoint.assessment.gasstation.implementation.StationImplTest)  Time elapsed: 5.029 sec  <<< FAILURE!
java.lang.AssertionError: expected [true] but found [false]
	at org.testng.Assert.fail(Assert.java:94)
	at org.testng.Assert.failNotEquals(Assert.java:494)
	at org.testng.Assert.assertTrue(Assert.java:42)
	at org.testng.Assert.assertTrue(Assert.java:52)
	at net.bigpoint.assessment.gasstation.implementation.StationImplTest.testBuyGas(StationImplTest.java:126)
testBuyGas(net.bigpoint.assessment.gasstation.implementation.StationImplTest)  Time elapsed: 5.029 sec  <<< FAILURE!
java.lang.AssertionError: expected [true] but found [false]
	at org.testng.Assert.fail(Assert.java:94)
	at org.testng.Assert.failNotEquals(Assert.java:494)
	at org.testng.Assert.assertTrue(Assert.java:42)
	at org.testng.Assert.assertTrue(Assert.java:52)
	at net.bigpoint.assessment.gasstation.implementation.StationImplTest.testBuyGas(StationImplTest.java:126)
testBuyGas(net.bigpoint.assessment.gasstation.implementation.StationImplTest)  Time elapsed: 5.03 sec  <<< FAILURE!
java.lang.AssertionError: expected [true] but found [false]
	at org.testng.Assert.fail(Assert.java:94)
	at org.testng.Assert.failNotEquals(Assert.java:494)
	at org.testng.Assert.assertTrue(Assert.java:42)
	at org.testng.Assert.assertTrue(Assert.java:52)
	at net.bigpoint.assessment.gasstation.implementation.StationImplTest.testBuyGas(StationImplTest.java:126)
testBuyGas(net.bigpoint.assessment.gasstation.implementation.StationImplTest)  Time elapsed: 5.032 sec  <<< FAILURE!
java.lang.AssertionError: expected [true] but found [false]
	at org.testng.Assert.fail(Assert.java:94)
	at org.testng.Assert.failNotEquals(Assert.java:494)
	at org.testng.Assert.assertTrue(Assert.java:42)
	at org.testng.Assert.assertTrue(Assert.java:52)
	at net.bigpoint.assessment.gasstation.implementation.StationImplTest.testBuyGas(StationImplTest.java:126)
testBuyGas(net.bigpoint.assessment.gasstation.implementation.StationImplTest)  Time elapsed: 5.033 sec  <<< FAILURE!
java.lang.AssertionError: expected [true] but found [false]
	at org.testng.Assert.fail(Assert.java:94)
	at org.testng.Assert.failNotEquals(Assert.java:494)
	at org.testng.Assert.assertTrue(Assert.java:42)
	at org.testng.Assert.assertTrue(Assert.java:52)
	at net.bigpoint.assessment.gasstation.implementation.StationImplTest.testBuyGas(StationImplTest.java:126)
testBuyGas(net.bigpoint.assessment.gasstation.implementation.StationImplTest)  Time elapsed: 5.035 sec  <<< FAILURE!
java.lang.AssertionError: expected [true] but found [false]
	at org.testng.Assert.fail(Assert.java:94)
	at org.testng.Assert.failNotEquals(Assert.java:494)
	at org.testng.Assert.assertTrue(Assert.java:42)
	at org.testng.Assert.assertTrue(Assert.java:52)
	at net.bigpoint.assessment.gasstation.implementation.StationImplTest.testBuyGas(StationImplTest.java:126)
testBuyGas(net.bigpoint.assessment.gasstation.implementation.StationImplTest)  Time elapsed: 5.035 sec  <<< FAILURE!
java.lang.AssertionError: expected [true] but found [false]
	at org.testng.Assert.fail(Assert.java:94)
	at org.testng.Assert.failNotEquals(Assert.java:494)
	at org.testng.Assert.assertTrue(Assert.java:42)
	at org.testng.Assert.assertTrue(Assert.java:52)
	at net.bigpoint.assessment.gasstation.implementation.StationImplTest.testBuyGas(StationImplTest.java:126)
testBuyGas(net.bigpoint.assessment.gasstation.implementation.StationImplTest)  Time elapsed: 5.037 sec  <<< FAILURE!
java.lang.AssertionError: expected [true] but found [false]
	at org.testng.Assert.fail(Assert.java:94)
	at org.testng.Assert.failNotEquals(Assert.java:494)
	at org.testng.Assert.assertTrue(Assert.java:42)
	at org.testng.Assert.assertTrue(Assert.java:52)
	at net.bigpoint.assessment.gasstation.implementation.StationImplTest.testBuyGas(StationImplTest.java:126)
testBuyGas(net.bigpoint.assessment.gasstation.implementation.StationImplTest)  Time elapsed: 5.037 sec  <<< FAILURE!
java.lang.AssertionError: expected [true] but found [false]
	at org.testng.Assert.fail(Assert.java:94)
	at org.testng.Assert.failNotEquals(Assert.java:494)
	at org.testng.Assert.assertTrue(Assert.java:42)
	at org.testng.Assert.assertTrue(Assert.java:52)
	at net.bigpoint.assessment.gasstation.implementation.StationImplTest.testBuyGas(StationImplTest.java:126)
testBuyGas(net.bigpoint.assessment.gasstation.implementation.StationImplTest)  Time elapsed: 5.039 sec  <<< FAILURE!
java.lang.AssertionError: expected [true] but found [false]
	at org.testng.Assert.fail(Assert.java:94)
	at org.testng.Assert.failNotEquals(Assert.java:494)
	at org.testng.Assert.assertTrue(Assert.java:42)
	at org.testng.Assert.assertTrue(Assert.java:52)
	at net.bigpoint.assessment.gasstation.implementation.StationImplTest.testBuyGas(StationImplTest.java:126)
testBuyGas(net.bigpoint.assessment.gasstation.implementation.StationImplTest)  Time elapsed: 5.04 sec  <<< FAILURE!
java.lang.AssertionError: expected [true] but found [false]
	at org.testng.Assert.fail(Assert.java:94)
	at org.testng.Assert.failNotEquals(Assert.java:494)
	at org.testng.Assert.assertTrue(Assert.java:42)
	at org.testng.Assert.assertTrue(Assert.java:52)
	at net.bigpoint.assessment.gasstation.implementation.StationImplTest.testBuyGas(StationImplTest.java:126)
testBuyGas(net.bigpoint.assessment.gasstation.implementation.StationImplTest)  Time elapsed: 5.043 sec  <<< FAILURE!
java.lang.AssertionError: expected [true] but found [false]
	at org.testng.Assert.fail(Assert.java:94)
	at org.testng.Assert.failNotEquals(Assert.java:494)
	at org.testng.Assert.assertTrue(Assert.java:42)
	at org.testng.Assert.assertTrue(Assert.java:52)
	at net.bigpoint.assessment.gasstation.implementation.StationImplTest.testBuyGas(StationImplTest.java:126)
testBuyGas(net.bigpoint.assessment.gasstation.implementation.StationImplTest)  Time elapsed: 5.043 sec  <<< FAILURE!
java.lang.AssertionError: expected [true] but found [false]
	at org.testng.Assert.fail(Assert.java:94)
	at org.testng.Assert.failNotEquals(Assert.java:494)
	at org.testng.Assert.assertTrue(Assert.java:42)
	at org.testng.Assert.assertTrue(Assert.java:52)
	at net.bigpoint.assessment.gasstation.implementation.StationImplTest.testBuyGas(StationImplTest.java:126)
testBuyGas(net.bigpoint.assessment.gasstation.implementation.StationImplTest)  Time elapsed: 5.043 sec  <<< FAILURE!
java.lang.AssertionError: expected [true] but found [false]
	at org.testng.Assert.fail(Assert.java:94)
	at org.testng.Assert.failNotEquals(Assert.java:494)
	at org.testng.Assert.assertTrue(Assert.java:42)
	at org.testng.Assert.assertTrue(Assert.java:52)
	at net.bigpoint.assessment.gasstation.implementation.StationImplTest.testBuyGas(StationImplTest.java:126)
testBuyGas(net.bigpoint.assessment.gasstation.implementation.StationImplTest)  Time elapsed: 5.044 sec  <<< FAILURE!
java.lang.AssertionError: expected [true] but found [false]
	at org.testng.Assert.fail(Assert.java:94)
	at org.testng.Assert.failNotEquals(Assert.java:494)
	at org.testng.Assert.assertTrue(Assert.java:42)
	at org.testng.Assert.assertTrue(Assert.java:52)
	at net.bigpoint.assessment.gasstation.implementation.StationImplTest.testBuyGas(StationImplTest.java:126)
testBuyGas(net.bigpoint.assessment.gasstation.implementation.StationImplTest)  Time elapsed: 5.045 sec  <<< FAILURE!
java.lang.AssertionError: expected [true] but found [false]
	at org.testng.Assert.fail(Assert.java:94)
	at org.testng.Assert.failNotEquals(Assert.java:494)
	at org.testng.Assert.assertTrue(Assert.java:42)
	at org.testng.Assert.assertTrue(Assert.java:52)
	at net.bigpoint.assessment.gasstation.implementation.StationImplTest.testBuyGas(StationImplTest.java:126)
testBuyGas(net.bigpoint.assessment.gasstation.implementation.StationImplTest)  Time elapsed: 5.047 sec  <<< FAILURE!
java.lang.AssertionError: expected [true] but found [false]
	at org.testng.Assert.fail(Assert.java:94)
	at org.testng.Assert.failNotEquals(Assert.java:494)
	at org.testng.Assert.assertTrue(Assert.java:42)
	at org.testng.Assert.assertTrue(Assert.java:52)
	at net.bigpoint.assessment.gasstation.implementation.StationImplTest.testBuyGas(StationImplTest.java:126)
testBuyGas(net.bigpoint.assessment.gasstation.implementation.StationImplTest)  Time elapsed: 5.047 sec  <<< FAILURE!
java.lang.AssertionError: expected [true] but found [false]
	at org.testng.Assert.fail(Assert.java:94)
	at org.testng.Assert.failNotEquals(Assert.java:494)
	at org.testng.Assert.assertTrue(Assert.java:42)
	at org.testng.Assert.assertTrue(Assert.java:52)
	at net.bigpoint.assessment.gasstation.implementation.StationImplTest.testBuyGas(StationImplTest.java:126)
testBuyGas(net.bigpoint.assessment.gasstation.implementation.StationImplTest)  Time elapsed: 5.048 sec  <<< FAILURE!
java.lang.AssertionError: expected [true] but found [false]
	at org.testng.Assert.fail(Assert.java:94)
	at org.testng.Assert.failNotEquals(Assert.java:494)
	at org.testng.Assert.assertTrue(Assert.java:42)
	at org.testng.Assert.assertTrue(Assert.java:52)
	at net.bigpoint.assessment.gasstation.implementation.StationImplTest.testBuyGas(StationImplTest.java:126)
testBuyGas(net.bigpoint.assessment.gasstation.implementation.StationImplTest)  Time elapsed: 5.049 sec  <<< FAILURE!
java.lang.AssertionError: expected [true] but found [false]
	at org.testng.Assert.fail(Assert.java:94)
	at org.testng.Assert.failNotEquals(Assert.java:494)
	at org.testng.Assert.assertTrue(Assert.java:42)
	at org.testng.Assert.assertTrue(Assert.java:52)
	at net.bigpoint.assessment.gasstation.implementation.StationImplTest.testBuyGas(StationImplTest.java:126)
testBuyGas(net.bigpoint.assessment.gasstation.implementation.StationImplTest)  Time elapsed: 5.05 sec  <<< FAILURE!
java.lang.AssertionError: expected [true] but found [false]
	at org.testng.Assert.fail(Assert.java:94)
	at org.testng.Assert.failNotEquals(Assert.java:494)
	at org.testng.Assert.assertTrue(Assert.java:42)
	at org.testng.Assert.assertTrue(Assert.java:52)
	at net.bigpoint.assessment.gasstation.implementation.StationImplTest.testBuyGas(StationImplTest.java:126)
testBuyGas(net.bigpoint.assessment.gasstation.implementation.StationImplTest)  Time elapsed: 5.051 sec  <<< FAILURE!
java.lang.AssertionError: expected [true] but found [false]
	at org.testng.Assert.fail(Assert.java:94)
	at org.testng.Assert.failNotEquals(Assert.java:494)
	at org.testng.Assert.assertTrue(Assert.java:42)
	at org.testng.Assert.assertTrue(Assert.java:52)
	at net.bigpoint.assessment.gasstation.implementation.StationImplTest.testBuyGas(StationImplTest.java:126)
testBuyGas(net.bigpoint.assessment.gasstation.implementation.StationImplTest)  Time elapsed: 5.052 sec  <<< FAILURE!
java.lang.AssertionError: expected [true] but found [false]
	at org.testng.Assert.fail(Assert.java:94)
	at org.testng.Assert.failNotEquals(Assert.java:494)
	at org.testng.Assert.assertTrue(Assert.java:42)
	at org.testng.Assert.assertTrue(Assert.java:52)
	at net.bigpoint.assessment.gasstation.implementation.StationImplTest.testBuyGas(StationImplTest.java:126)
testBuyGas(net.bigpoint.assessment.gasstation.implementation.StationImplTest)  Time elapsed: 5.053 sec  <<< FAILURE!
java.lang.AssertionError: expected [true] but found [false]
	at org.testng.Assert.fail(Assert.java:94)
	at org.testng.Assert.failNotEquals(Assert.java:494)
	at org.testng.Assert.assertTrue(Assert.java:42)
	at org.testng.Assert.assertTrue(Assert.java:52)
	at net.bigpoint.assessment.gasstation.implementation.StationImplTest.testBuyGas(StationImplTest.java:126)
testBuyGas(net.bigpoint.assessment.gasstation.implementation.StationImplTest)  Time elapsed: 5.054 sec  <<< FAILURE!
java.lang.AssertionError: expected [true] but found [false]
	at org.testng.Assert.fail(Assert.java:94)
	at org.testng.Assert.failNotEquals(Assert.java:494)
	at org.testng.Assert.assertTrue(Assert.java:42)
	at org.testng.Assert.assertTrue(Assert.java:52)
	at net.bigpoint.assessment.gasstation.implementation.StationImplTest.testBuyGas(StationImplTest.java:126)
testBuyGas(net.bigpoint.assessment.gasstation.implementation.StationImplTest)  Time elapsed: 5.055 sec  <<< FAILURE!
java.lang.AssertionError: expected [true] but found [false]
	at org.testng.Assert.fail(Assert.java:94)
	at org.testng.Assert.failNotEquals(Assert.java:494)
	at org.testng.Assert.assertTrue(Assert.java:42)
	at org.testng.Assert.assertTrue(Assert.java:52)
	at net.bigpoint.assessment.gasstation.implementation.StationImplTest.testBuyGas(StationImplTest.java:126)
testBuyGas(net.bigpoint.assessment.gasstation.implementation.StationImplTest)  Time elapsed: 5.056 sec  <<< FAILURE!
java.lang.AssertionError: expected [true] but found [false]
	at org.testng.Assert.fail(Assert.java:94)
	at org.testng.Assert.failNotEquals(Assert.java:494)
	at org.testng.Assert.assertTrue(Assert.java:42)
	at org.testng.Assert.assertTrue(Assert.java:52)
	at net.bigpoint.assessment.gasstation.implementation.StationImplTest.testBuyGas(StationImplTest.java:126)
testBuyGas(net.bigpoint.assessment.gasstation.implementation.StationImplTest)  Time elapsed: 5.056 sec  <<< FAILURE!
java.lang.AssertionError: expected [true] but found [false]
	at org.testng.Assert.fail(Assert.java:94)
	at org.testng.Assert.failNotEquals(Assert.java:494)
	at org.testng.Assert.assertTrue(Assert.java:42)
	at org.testng.Assert.assertTrue(Assert.java:52)
	at net.bigpoint.assessment.gasstation.implementation.StationImplTest.testBuyGas(StationImplTest.java:126)
testBuyGas(net.bigpoint.assessment.gasstation.implementation.StationImplTest)  Time elapsed: 5.057 sec  <<< FAILURE!
java.lang.AssertionError: expected [true] but found [false]
	at org.testng.Assert.fail(Assert.java:94)
	at org.testng.Assert.failNotEquals(Assert.java:494)
	at org.testng.Assert.assertTrue(Assert.java:42)
	at org.testng.Assert.assertTrue(Assert.java:52)
	at net.bigpoint.assessment.gasstation.implementation.StationImplTest.testBuyGas(StationImplTest.java:126)
testBuyGas(net.bigpoint.assessment.gasstation.implementation.StationImplTest)  Time elapsed: 5.058 sec  <<< FAILURE!
java.lang.AssertionError: expected [true] but found [false]
	at org.testng.Assert.fail(Assert.java:94)
	at org.testng.Assert.failNotEquals(Assert.java:494)
	at org.testng.Assert.assertTrue(Assert.java:42)
	at org.testng.Assert.assertTrue(Assert.java:52)
	at net.bigpoint.assessment.gasstation.implementation.StationImplTest.testBuyGas(StationImplTest.java:126)
testBuyGas(net.bigpoint.assessment.gasstation.implementation.StationImplTest)  Time elapsed: 5.059 sec  <<< FAILURE!
java.lang.AssertionError: expected [true] but found [false]
	at org.testng.Assert.fail(Assert.java:94)
	at org.testng.Assert.failNotEquals(Assert.java:494)
	at org.testng.Assert.assertTrue(Assert.java:42)
	at org.testng.Assert.assertTrue(Assert.java:52)
	at net.bigpoint.assessment.gasstation.implementation.StationImplTest.testBuyGas(StationImplTest.java:126)
testBuyGas(net.bigpoint.assessment.gasstation.implementation.StationImplTest)  Time elapsed: 5.059 sec  <<< FAILURE!
java.lang.AssertionError: expected [true] but found [false]
	at org.testng.Assert.fail(Assert.java:94)
	at org.testng.Assert.failNotEquals(Assert.java:494)
	at org.testng.Assert.assertTrue(Assert.java:42)
	at org.testng.Assert.assertTrue(Assert.java:52)
	at net.bigpoint.assessment.gasstation.implementation.StationImplTest.testBuyGas(StationImplTest.java:126)
testBuyGas(net.bigpoint.assessment.gasstation.implementation.StationImplTest)  Time elapsed: 5.06 sec  <<< FAILURE!
java.lang.AssertionError: expected [true] but found [false]
	at org.testng.Assert.fail(Assert.java:94)
	at org.testng.Assert.failNotEquals(Assert.java:494)
	at org.testng.Assert.assertTrue(Assert.java:42)
	at org.testng.Assert.assertTrue(Assert.java:52)
	at net.bigpoint.assessment.gasstation.implementation.StationImplTest.testBuyGas(StationImplTest.java:126)
testBuyGas(net.bigpoint.assessment.gasstation.implementation.StationImplTest)  Time elapsed: 5.06 sec  <<< FAILURE!
java.lang.AssertionError: expected [true] but found [false]
	at org.testng.Assert.fail(Assert.java:94)
	at org.testng.Assert.failNotEquals(Assert.java:494)
	at org.testng.Assert.assertTrue(Assert.java:42)
	at org.testng.Assert.assertTrue(Assert.java:52)
	at net.bigpoint.assessment.gasstation.implementation.StationImplTest.testBuyGas(StationImplTest.java:126)
testBuyGas(net.bigpoint.assessment.gasstation.implementation.StationImplTest)  Time elapsed: 5.061 sec  <<< FAILURE!
java.lang.AssertionError: expected [true] but found [false]
	at org.testng.Assert.fail(Assert.java:94)
	at org.testng.Assert.failNotEquals(Assert.java:494)
	at org.testng.Assert.assertTrue(Assert.java:42)
	at org.testng.Assert.assertTrue(Assert.java:52)
	at net.bigpoint.assessment.gasstation.implementation.StationImplTest.testBuyGas(StationImplTest.java:126)
testBuyGas(net.bigpoint.assessment.gasstation.implementation.StationImplTest)  Time elapsed: 5.061 sec  <<< FAILURE!
java.lang.AssertionError: expected [true] but found [false]
	at org.testng.Assert.fail(Assert.java:94)
	at org.testng.Assert.failNotEquals(Assert.java:494)
	at org.testng.Assert.assertTrue(Assert.java:42)
	at org.testng.Assert.assertTrue(Assert.java:52)
	at net.bigpoint.assessment.gasstation.implementation.StationImplTest.testBuyGas(StationImplTest.java:126)
testBuyGas(net.bigpoint.assessment.gasstation.implementation.StationImplTest)  Time elapsed: 5.062 sec  <<< FAILURE!
java.lang.AssertionError: expected [true] but found [false]
	at org.testng.Assert.fail(Assert.java:94)
	at org.testng.Assert.failNotEquals(Assert.java:494)
	at org.testng.Assert.assertTrue(Assert.java:42)
	at org.testng.Assert.assertTrue(Assert.java:52)
	at net.bigpoint.assessment.gasstation.implementation.StationImplTest.testBuyGas(StationImplTest.java:126)
testBuyGas(net.bigpoint.assessment.gasstation.implementation.StationImplTest)  Time elapsed: 5.064 sec  <<< FAILURE!
java.lang.AssertionError: expected [true] but found [false]
	at org.testng.Assert.fail(Assert.java:94)
	at org.testng.Assert.failNotEquals(Assert.java:494)
	at org.testng.Assert.assertTrue(Assert.java:42)
	at org.testng.Assert.assertTrue(Assert.java:52)
	at net.bigpoint.assessment.gasstation.implementation.StationImplTest.testBuyGas(StationImplTest.java:126)
testBuyGas(net.bigpoint.assessment.gasstation.implementation.StationImplTest)  Time elapsed: 5.072 sec  <<< FAILURE!
java.lang.AssertionError: expected [true] but found [false]
	at org.testng.Assert.fail(Assert.java:94)
	at org.testng.Assert.failNotEquals(Assert.java:494)
	at org.testng.Assert.assertTrue(Assert.java:42)
	at org.testng.Assert.assertTrue(Assert.java:52)
	at net.bigpoint.assessment.gasstation.implementation.StationImplTest.testBuyGas(StationImplTest.java:126)
testBuyGas(net.bigpoint.assessment.gasstation.implementation.StationImplTest)  Time elapsed: 5.072 sec  <<< FAILURE!
java.lang.AssertionError: expected [true] but found [false]
	at org.testng.Assert.fail(Assert.java:94)
	at org.testng.Assert.failNotEquals(Assert.java:494)
	at org.testng.Assert.assertTrue(Assert.java:42)
	at org.testng.Assert.assertTrue(Assert.java:52)
	at net.bigpoint.assessment.gasstation.implementation.StationImplTest.testBuyGas(StationImplTest.java:126)
testBuyGas(net.bigpoint.assessment.gasstation.implementation.StationImplTest)  Time elapsed: 5.072 sec  <<< FAILURE!
java.lang.AssertionError: expected [true] but found [false]
	at org.testng.Assert.fail(Assert.java:94)
	at org.testng.Assert.failNotEquals(Assert.java:494)
	at org.testng.Assert.assertTrue(Assert.java:42)
	at org.testng.Assert.assertTrue(Assert.java:52)
	at net.bigpoint.assessment.gasstation.implementation.StationImplTest.testBuyGas(StationImplTest.java:126)
testBuyGas(net.bigpoint.assessment.gasstation.implementation.StationImplTest)  Time elapsed: 5.072 sec  <<< FAILURE!
java.lang.AssertionError: expected [true] but found [false]
	at org.testng.Assert.fail(Assert.java:94)
	at org.testng.Assert.failNotEquals(Assert.java:494)
	at org.testng.Assert.assertTrue(Assert.java:42)
	at org.testng.Assert.assertTrue(Assert.java:52)
	at net.bigpoint.assessment.gasstation.implementation.StationImplTest.testBuyGas(StationImplTest.java:126)
testBuyGas(net.bigpoint.assessment.gasstation.implementation.StationImplTest)  Time elapsed: 5.073 sec  <<< FAILURE!
java.lang.AssertionError: expected [true] but found [false]
	at org.testng.Assert.fail(Assert.java:94)
	at org.testng.Assert.failNotEquals(Assert.java:494)
	at org.testng.Assert.assertTrue(Assert.java:42)
	at org.testng.Assert.assertTrue(Assert.java:52)
	at net.bigpoint.assessment.gasstation.implementation.StationImplTest.testBuyGas(StationImplTest.java:126)
testBuyGas(net.bigpoint.assessment.gasstation.implementation.StationImplTest)  Time elapsed: 5.074 sec  <<< FAILURE!
java.lang.AssertionError: expected [true] but found [false]
	at org.testng.Assert.fail(Assert.java:94)
	at org.testng.Assert.failNotEquals(Assert.java:494)
	at org.testng.Assert.assertTrue(Assert.java:42)
	at org.testng.Assert.assertTrue(Assert.java:52)
	at net.bigpoint.assessment.gasstation.implementation.StationImplTest.testBuyGas(StationImplTest.java:126)
testBuyGas(net.bigpoint.assessment.gasstation.implementation.StationImplTest)  Time elapsed: 5.075 sec  <<< FAILURE!
java.lang.AssertionError: expected [true] but found [false]
	at org.testng.Assert.fail(Assert.java:94)
	at org.testng.Assert.failNotEquals(Assert.java:494)
	at org.testng.Assert.assertTrue(Assert.java:42)
	at org.testng.Assert.assertTrue(Assert.java:52)
	at net.bigpoint.assessment.gasstation.implementation.StationImplTest.testBuyGas(StationImplTest.java:126)
testBuyGas(net.bigpoint.assessment.gasstation.implementation.StationImplTest)  Time elapsed: 5.077 sec  <<< FAILURE!
java.lang.AssertionError: expected [true] but found [false]
	at org.testng.Assert.fail(Assert.java:94)
	at org.testng.Assert.failNotEquals(Assert.java:494)
	at org.testng.Assert.assertTrue(Assert.java:42)
	at org.testng.Assert.assertTrue(Assert.java:52)
	at net.bigpoint.assessment.gasstation.implementation.StationImplTest.testBuyGas(StationImplTest.java:126)
testBuyGas(net.bigpoint.assessment.gasstation.implementation.StationImplTest)  Time elapsed: 5.077 sec  <<< FAILURE!
java.lang.AssertionError: expected [true] but found [false]
	at org.testng.Assert.fail(Assert.java:94)
	at org.testng.Assert.failNotEquals(Assert.java:494)
	at org.testng.Assert.assertTrue(Assert.java:42)
	at org.testng.Assert.assertTrue(Assert.java:52)
	at net.bigpoint.assessment.gasstation.implementation.StationImplTest.testBuyGas(StationImplTest.java:126)
testBuyGas(net.bigpoint.assessment.gasstation.implementation.StationImplTest)  Time elapsed: 5.078 sec  <<< FAILURE!
java.lang.AssertionError: expected [true] but found [false]
	at org.testng.Assert.fail(Assert.java:94)
	at org.testng.Assert.failNotEquals(Assert.java:494)
	at org.testng.Assert.assertTrue(Assert.java:42)
	at org.testng.Assert.assertTrue(Assert.java:52)
	at net.bigpoint.assessment.gasstation.implementation.StationImplTest.testBuyGas(StationImplTest.java:126)
testBuyGas(net.bigpoint.assessment.gasstation.implementation.StationImplTest)  Time elapsed: 5.08 sec  <<< FAILURE!
java.lang.AssertionError: expected [true] but found [false]
	at org.testng.Assert.fail(Assert.java:94)
	at org.testng.Assert.failNotEquals(Assert.java:494)
	at org.testng.Assert.assertTrue(Assert.java:42)
	at org.testng.Assert.assertTrue(Assert.java:52)
	at net.bigpoint.assessment.gasstation.implementation.StationImplTest.testBuyGas(StationImplTest.java:126)
testBuyGas(net.bigpoint.assessment.gasstation.implementation.StationImplTest)  Time elapsed: 5.08 sec  <<< FAILURE!
java.lang.AssertionError: expected [true] but found [false]
	at org.testng.Assert.fail(Assert.java:94)
	at org.testng.Assert.failNotEquals(Assert.java:494)
	at org.testng.Assert.assertTrue(Assert.java:42)
	at org.testng.Assert.assertTrue(Assert.java:52)
	at net.bigpoint.assessment.gasstation.implementation.StationImplTest.testBuyGas(StationImplTest.java:126)
testBuyGas(net.bigpoint.assessment.gasstation.implementation.StationImplTest)  Time elapsed: 5.081 sec  <<< FAILURE!
java.lang.AssertionError: expected [true] but found [false]
	at org.testng.Assert.fail(Assert.java:94)
	at org.testng.Assert.failNotEquals(Assert.java:494)
	at org.testng.Assert.assertTrue(Assert.java:42)
	at org.testng.Assert.assertTrue(Assert.java:52)
	at net.bigpoint.assessment.gasstation.implementation.StationImplTest.testBuyGas(StationImplTest.java:126)
testBuyGas(net.bigpoint.assessment.gasstation.implementation.StationImplTest)  Time elapsed: 5.083 sec  <<< FAILURE!
java.lang.AssertionError: expected [true] but found [false]
	at org.testng.Assert.fail(Assert.java:94)
	at org.testng.Assert.failNotEquals(Assert.java:494)
	at org.testng.Assert.assertTrue(Assert.java:42)
	at org.testng.Assert.assertTrue(Assert.java:52)
	at net.bigpoint.assessment.gasstation.implementation.StationImplTest.testBuyGas(StationImplTest.java:126)
testBuyGas(net.bigpoint.assessment.gasstation.implementation.StationImplTest)  Time elapsed: 5.083 sec  <<< FAILURE!
java.lang.AssertionError: expected [true] but found [false]
	at org.testng.Assert.fail(Assert.java:94)
	at org.testng.Assert.failNotEquals(Assert.java:494)
	at org.testng.Assert.assertTrue(Assert.java:42)
	at org.testng.Assert.assertTrue(Assert.java:52)
	at net.bigpoint.assessment.gasstation.implementation.StationImplTest.testBuyGas(StationImplTest.java:126)
testBuyGas(net.bigpoint.assessment.gasstation.implementation.StationImplTest)  Time elapsed: 5.084 sec  <<< FAILURE!
java.lang.AssertionError: expected [true] but found [false]
	at org.testng.Assert.fail(Assert.java:94)
	at org.testng.Assert.failNotEquals(Assert.java:494)
	at org.testng.Assert.assertTrue(Assert.java:42)
	at org.testng.Assert.assertTrue(Assert.java:52)
	at net.bigpoint.assessment.gasstation.implementation.StationImplTest.testBuyGas(StationImplTest.java:126)
testBuyGas(net.bigpoint.assessment.gasstation.implementation.StationImplTest)  Time elapsed: 5.085 sec  <<< FAILURE!
java.lang.AssertionError: expected [true] but found [false]
	at org.testng.Assert.fail(Assert.java:94)
	at org.testng.Assert.failNotEquals(Assert.java:494)
	at org.testng.Assert.assertTrue(Assert.java:42)
	at org.testng.Assert.assertTrue(Assert.java:52)
	at net.bigpoint.assessment.gasstation.implementation.StationImplTest.testBuyGas(StationImplTest.java:126)
testBuyGas(net.bigpoint.assessment.gasstation.implementation.StationImplTest)  Time elapsed: 5.087 sec  <<< FAILURE!
java.lang.AssertionError: expected [true] but found [false]
	at org.testng.Assert.fail(Assert.java:94)
	at org.testng.Assert.failNotEquals(Assert.java:494)
	at org.testng.Assert.assertTrue(Assert.java:42)
	at org.testng.Assert.assertTrue(Assert.java:52)
	at net.bigpoint.assessment.gasstation.implementation.StationImplTest.testBuyGas(StationImplTest.java:126)
testBuyGas(net.bigpoint.assessment.gasstation.implementation.StationImplTest)  Time elapsed: 5.088 sec  <<< FAILURE!
java.lang.AssertionError: expected [true] but found [false]
	at org.testng.Assert.fail(Assert.java:94)
	at org.testng.Assert.failNotEquals(Assert.java:494)
	at org.testng.Assert.assertTrue(Assert.java:42)
	at org.testng.Assert.assertTrue(Assert.java:52)
	at net.bigpoint.assessment.gasstation.implementation.StationImplTest.testBuyGas(StationImplTest.java:126)
testBuyGas(net.bigpoint.assessment.gasstation.implementation.StationImplTest)  Time elapsed: 5.088 sec  <<< FAILURE!
java.lang.AssertionError: expected [true] but found [false]
	at org.testng.Assert.fail(Assert.java:94)
	at org.testng.Assert.failNotEquals(Assert.java:494)
	at org.testng.Assert.assertTrue(Assert.java:42)
	at org.testng.Assert.assertTrue(Assert.java:52)
	at net.bigpoint.assessment.gasstation.implementation.StationImplTest.testBuyGas(StationImplTest.java:126)
testBuyGas(net.bigpoint.assessment.gasstation.implementation.StationImplTest)  Time elapsed: 5.09 sec  <<< FAILURE!
java.lang.AssertionError: expected [true] but found [false]
	at org.testng.Assert.fail(Assert.java:94)
	at org.testng.Assert.failNotEquals(Assert.java:494)
	at org.testng.Assert.assertTrue(Assert.java:42)
	at org.testng.Assert.assertTrue(Assert.java:52)
	at net.bigpoint.assessment.gasstation.implementation.StationImplTest.testBuyGas(StationImplTest.java:126)
testBuyGas(net.bigpoint.assessment.gasstation.implementation.StationImplTest)  Time elapsed: 5.091 sec  <<< FAILURE!
java.lang.AssertionError: expected [true] but found [false]
	at org.testng.Assert.fail(Assert.java:94)
	at org.testng.Assert.failNotEquals(Assert.java:494)
	at org.testng.Assert.assertTrue(Assert.java:42)
	at org.testng.Assert.assertTrue(Assert.java:52)
	at net.bigpoint.assessment.gasstation.implementation.StationImplTest.testBuyGas(StationImplTest.java:126)
testBuyGas(net.bigpoint.assessment.gasstation.implementation.StationImplTest)  Time elapsed: 5.093 sec  <<< FAILURE!
java.lang.AssertionError: expected [true] but found [false]
	at org.testng.Assert.fail(Assert.java:94)
	at org.testng.Assert.failNotEquals(Assert.java:494)
	at org.testng.Assert.assertTrue(Assert.java:42)
	at org.testng.Assert.assertTrue(Assert.java:52)
	at net.bigpoint.assessment.gasstation.implementation.StationImplTest.testBuyGas(StationImplTest.java:126)
testBuyGas(net.bigpoint.assessment.gasstation.implementation.StationImplTest)  Time elapsed: 5.093 sec  <<< FAILURE!
java.lang.AssertionError: expected [true] but found [false]
	at org.testng.Assert.fail(Assert.java:94)
	at org.testng.Assert.failNotEquals(Assert.java:494)
	at org.testng.Assert.assertTrue(Assert.java:42)
	at org.testng.Assert.assertTrue(Assert.java:52)
	at net.bigpoint.assessment.gasstation.implementation.StationImplTest.testBuyGas(StationImplTest.java:126)
testBuyGas(net.bigpoint.assessment.gasstation.implementation.StationImplTest)  Time elapsed: 5.093 sec  <<< FAILURE!
java.lang.AssertionError: expected [true] but found [false]
	at org.testng.Assert.fail(Assert.java:94)
	at org.testng.Assert.failNotEquals(Assert.java:494)
	at org.testng.Assert.assertTrue(Assert.java:42)
	at org.testng.Assert.assertTrue(Assert.java:52)
	at net.bigpoint.assessment.gasstation.implementation.StationImplTest.testBuyGas(StationImplTest.java:126)
testBuyGas(net.bigpoint.assessment.gasstation.implementation.StationImplTest)  Time elapsed: 5.094 sec  <<< FAILURE!
java.lang.AssertionError: expected [true] but found [false]
	at org.testng.Assert.fail(Assert.java:94)
	at org.testng.Assert.failNotEquals(Assert.java:494)
	at org.testng.Assert.assertTrue(Assert.java:42)
	at org.testng.Assert.assertTrue(Assert.java:52)
	at net.bigpoint.assessment.gasstation.implementation.StationImplTest.testBuyGas(StationImplTest.java:126)
testBuyGas(net.bigpoint.assessment.gasstation.implementation.StationImplTest)  Time elapsed: 5.095 sec  <<< FAILURE!
java.lang.AssertionError: expected [true] but found [false]
	at org.testng.Assert.fail(Assert.java:94)
	at org.testng.Assert.failNotEquals(Assert.java:494)
	at org.testng.Assert.assertTrue(Assert.java:42)
	at org.testng.Assert.assertTrue(Assert.java:52)
	at net.bigpoint.assessment.gasstation.implementation.StationImplTest.testBuyGas(StationImplTest.java:126)
testBuyGas(net.bigpoint.assessment.gasstation.implementation.StationImplTest)  Time elapsed: 5.096 sec  <<< FAILURE!
java.lang.AssertionError: expected [true] but found [false]
	at org.testng.Assert.fail(Assert.java:94)
	at org.testng.Assert.failNotEquals(Assert.java:494)
	at org.testng.Assert.assertTrue(Assert.java:42)
	at org.testng.Assert.assertTrue(Assert.java:52)
	at net.bigpoint.assessment.gasstation.implementation.StationImplTest.testBuyGas(StationImplTest.java:126)
testBuyGas(net.bigpoint.assessment.gasstation.implementation.StationImplTest)  Time elapsed: 5.096 sec  <<< FAILURE!
java.lang.AssertionError: expected [true] but found [false]
	at org.testng.Assert.fail(Assert.java:94)
	at org.testng.Assert.failNotEquals(Assert.java:494)
	at org.testng.Assert.assertTrue(Assert.java:42)
	at org.testng.Assert.assertTrue(Assert.java:52)
	at net.bigpoint.assessment.gasstation.implementation.StationImplTest.testBuyGas(StationImplTest.java:126)
testBuyGas(net.bigpoint.assessment.gasstation.implementation.StationImplTest)  Time elapsed: 5.096 sec  <<< FAILURE!
java.lang.AssertionError: expected [true] but found [false]
	at org.testng.Assert.fail(Assert.java:94)
	at org.testng.Assert.failNotEquals(Assert.java:494)
	at org.testng.Assert.assertTrue(Assert.java:42)
	at org.testng.Assert.assertTrue(Assert.java:52)
	at net.bigpoint.assessment.gasstation.implementation.StationImplTest.testBuyGas(StationImplTest.java:126)
testBuyGas(net.bigpoint.assessment.gasstation.implementation.StationImplTest)  Time elapsed: 5.098 sec  <<< FAILURE!
java.lang.AssertionError: expected [true] but found [false]
	at org.testng.Assert.fail(Assert.java:94)
	at org.testng.Assert.failNotEquals(Assert.java:494)
	at org.testng.Assert.assertTrue(Assert.java:42)
	at org.testng.Assert.assertTrue(Assert.java:52)
	at net.bigpoint.assessment.gasstation.implementation.StationImplTest.testBuyGas(StationImplTest.java:126)
testBuyGas(net.bigpoint.assessment.gasstation.implementation.StationImplTest)  Time elapsed: 5.098 sec  <<< FAILURE!
java.lang.AssertionError: expected [true] but found [false]
	at org.testng.Assert.fail(Assert.java:94)
	at org.testng.Assert.failNotEquals(Assert.java:494)
	at org.testng.Assert.assertTrue(Assert.java:42)
	at org.testng.Assert.assertTrue(Assert.java:52)
	at net.bigpoint.assessment.gasstation.implementation.StationImplTest.testBuyGas(StationImplTest.java:126)
testBuyGas(net.bigpoint.assessment.gasstation.implementation.StationImplTest)  Time elapsed: 5.098 sec  <<< FAILURE!
java.lang.AssertionError: expected [true] but found [false]
	at org.testng.Assert.fail(Assert.java:94)
	at org.testng.Assert.failNotEquals(Assert.java:494)
	at org.testng.Assert.assertTrue(Assert.java:42)
	at org.testng.Assert.assertTrue(Assert.java:52)
	at net.bigpoint.assessment.gasstation.implementation.StationImplTest.testBuyGas(StationImplTest.java:126)
testBuyGas(net.bigpoint.assessment.gasstation.implementation.StationImplTest)  Time elapsed: 5.099 sec  <<< FAILURE!
java.lang.AssertionError: expected [true] but found [false]
	at org.testng.Assert.fail(Assert.java:94)
	at org.testng.Assert.failNotEquals(Assert.java:494)
	at org.testng.Assert.assertTrue(Assert.java:42)
	at org.testng.Assert.assertTrue(Assert.java:52)
	at net.bigpoint.assessment.gasstation.implementation.StationImplTest.testBuyGas(StationImplTest.java:126)
testBuyGas(net.bigpoint.assessment.gasstation.implementation.StationImplTest)  Time elapsed: 5.099 sec  <<< FAILURE!
java.lang.AssertionError: expected [true] but found [false]
	at org.testng.Assert.fail(Assert.java:94)
	at org.testng.Assert.failNotEquals(Assert.java:494)
	at org.testng.Assert.assertTrue(Assert.java:42)
	at org.testng.Assert.assertTrue(Assert.java:52)
	at net.bigpoint.assessment.gasstation.implementation.StationImplTest.testBuyGas(StationImplTest.java:126)
testBuyGas(net.bigpoint.assessment.gasstation.implementation.StationImplTest)  Time elapsed: 5.1 sec  <<< FAILURE!
java.lang.AssertionError: expected [true] but found [false]
	at org.testng.Assert.fail(Assert.java:94)
	at org.testng.Assert.failNotEquals(Assert.java:494)
	at org.testng.Assert.assertTrue(Assert.java:42)
	at org.testng.Assert.assertTrue(Assert.java:52)
	at net.bigpoint.assessment.gasstation.implementation.StationImplTest.testBuyGas(StationImplTest.java:126)
testBuyGas(net.bigpoint.assessment.gasstation.implementation.StationImplTest)  Time elapsed: 5.1 sec  <<< FAILURE!
java.lang.AssertionError: expected [true] but found [false]
	at org.testng.Assert.fail(Assert.java:94)
	at org.testng.Assert.failNotEquals(Assert.java:494)
	at org.testng.Assert.assertTrue(Assert.java:42)
	at org.testng.Assert.assertTrue(Assert.java:52)
	at net.bigpoint.assessment.gasstation.implementation.StationImplTest.testBuyGas(StationImplTest.java:126)
testBuyGas(net.bigpoint.assessment.gasstation.implementation.StationImplTest)  Time elapsed: 5.102 sec  <<< FAILURE!
java.lang.AssertionError: expected [true] but found [false]
	at org.testng.Assert.fail(Assert.java:94)
	at org.testng.Assert.failNotEquals(Assert.java:494)
	at org.testng.Assert.assertTrue(Assert.java:42)
	at org.testng.Assert.assertTrue(Assert.java:52)
	at net.bigpoint.assessment.gasstation.implementation.StationImplTest.testBuyGas(StationImplTest.java:126)
testBuyGas(net.bigpoint.assessment.gasstation.implementation.StationImplTest)  Time elapsed: 5.102 sec  <<< FAILURE!
java.lang.AssertionError: expected [true] but found [false]
	at org.testng.Assert.fail(Assert.java:94)
	at org.testng.Assert.failNotEquals(Assert.java:494)
	at org.testng.Assert.assertTrue(Assert.java:42)
	at org.testng.Assert.assertTrue(Assert.java:52)
	at net.bigpoint.assessment.gasstation.implementation.StationImplTest.testBuyGas(StationImplTest.java:126)
testBuyGas(net.bigpoint.assessment.gasstation.implementation.StationImplTest)  Time elapsed: 5.103 sec  <<< FAILURE!
java.lang.AssertionError: expected [true] but found [false]
	at org.testng.Assert.fail(Assert.java:94)
	at org.testng.Assert.failNotEquals(Assert.java:494)
	at org.testng.Assert.assertTrue(Assert.java:42)
	at org.testng.Assert.assertTrue(Assert.java:52)
	at net.bigpoint.assessment.gasstation.implementation.StationImplTest.testBuyGas(StationImplTest.java:126)
testBuyGas(net.bigpoint.assessment.gasstation.implementation.StationImplTest)  Time elapsed: 5.105 sec  <<< FAILURE!
java.lang.AssertionError: expected [true] but found [false]
	at org.testng.Assert.fail(Assert.java:94)
	at org.testng.Assert.failNotEquals(Assert.java:494)
	at org.testng.Assert.assertTrue(Assert.java:42)
	at org.testng.Assert.assertTrue(Assert.java:52)
	at net.bigpoint.assessment.gasstation.implementation.StationImplTest.testBuyGas(StationImplTest.java:126)
testBuyGas(net.bigpoint.assessment.gasstation.implementation.StationImplTest)  Time elapsed: 5.105 sec  <<< FAILURE!
java.lang.AssertionError: expected [true] but found [false]
	at org.testng.Assert.fail(Assert.java:94)
	at org.testng.Assert.failNotEquals(Assert.java:494)
	at org.testng.Assert.assertTrue(Assert.java:42)
	at org.testng.Assert.assertTrue(Assert.java:52)
	at net.bigpoint.assessment.gasstation.implementation.StationImplTest.testBuyGas(StationImplTest.java:126)
testBuyGas(net.bigpoint.assessment.gasstation.implementation.StationImplTest)  Time elapsed: 5.105 sec  <<< FAILURE!
java.lang.AssertionError: expected [true] but found [false]
	at org.testng.Assert.fail(Assert.java:94)
	at org.testng.Assert.failNotEquals(Assert.java:494)
	at org.testng.Assert.assertTrue(Assert.java:42)
	at org.testng.Assert.assertTrue(Assert.java:52)
	at net.bigpoint.assessment.gasstation.implementation.StationImplTest.testBuyGas(StationImplTest.java:126)
testBuyGas(net.bigpoint.assessment.gasstation.implementation.StationImplTest)  Time elapsed: 5.106 sec  <<< FAILURE!
java.lang.AssertionError: expected [true] but found [false]
	at org.testng.Assert.fail(Assert.java:94)
	at org.testng.Assert.failNotEquals(Assert.java:494)
	at org.testng.Assert.assertTrue(Assert.java:42)
	at org.testng.Assert.assertTrue(Assert.java:52)
	at net.bigpoint.assessment.gasstation.implementation.StationImplTest.testBuyGas(StationImplTest.java:126)
testBuyGas(net.bigpoint.assessment.gasstation.implementation.StationImplTest)  Time elapsed: 5.107 sec  <<< FAILURE!
java.lang.AssertionError: expected [true] but found [false]
	at org.testng.Assert.fail(Assert.java:94)
	at org.testng.Assert.failNotEquals(Assert.java:494)
	at org.testng.Assert.assertTrue(Assert.java:42)
	at org.testng.Assert.assertTrue(Assert.java:52)
	at net.bigpoint.assessment.gasstation.implementation.StationImplTest.testBuyGas(StationImplTest.java:126)
testBuyGas(net.bigpoint.assessment.gasstation.implementation.StationImplTest)  Time elapsed: 5.108 sec  <<< FAILURE!
java.lang.AssertionError: expected [true] but found [false]
	at org.testng.Assert.fail(Assert.java:94)
	at org.testng.Assert.failNotEquals(Assert.java:494)
	at org.testng.Assert.assertTrue(Assert.java:42)
	at org.testng.Assert.assertTrue(Assert.java:52)
	at net.bigpoint.assessment.gasstation.implementation.StationImplTest.testBuyGas(StationImplTest.java:126)
testBuyGas(net.bigpoint.assessment.gasstation.implementation.StationImplTest)  Time elapsed: 5.11 sec  <<< FAILURE!
java.lang.AssertionError: expected [true] but found [false]
	at org.testng.Assert.fail(Assert.java:94)
	at org.testng.Assert.failNotEquals(Assert.java:494)
	at org.testng.Assert.assertTrue(Assert.java:42)
	at org.testng.Assert.assertTrue(Assert.java:52)
	at net.bigpoint.assessment.gasstation.implementation.StationImplTest.testBuyGas(StationImplTest.java:126)
testBuyGas(net.bigpoint.assessment.gasstation.implementation.StationImplTest)  Time elapsed: 5.112 sec  <<< FAILURE!
java.lang.AssertionError: expected [true] but found [false]
	at org.testng.Assert.fail(Assert.java:94)
	at org.testng.Assert.failNotEquals(Assert.java:494)
	at org.testng.Assert.assertTrue(Assert.java:42)
	at org.testng.Assert.assertTrue(Assert.java:52)
	at net.bigpoint.assessment.gasstation.implementation.StationImplTest.testBuyGas(StationImplTest.java:126)
testBuyGas(net.bigpoint.assessment.gasstation.implementation.StationImplTest)  Time elapsed: 5.113 sec  <<< FAILURE!
java.lang.AssertionError: expected [true] but found [false]
	at org.testng.Assert.fail(Assert.java:94)
	at org.testng.Assert.failNotEquals(Assert.java:494)
	at org.testng.Assert.assertTrue(Assert.java:42)
	at org.testng.Assert.assertTrue(Assert.java:52)
	at net.bigpoint.assessment.gasstation.implementation.StationImplTest.testBuyGas(StationImplTest.java:126)
testBuyGas(net.bigpoint.assessment.gasstation.implementation.StationImplTest)  Time elapsed: 5.113 sec  <<< FAILURE!
java.lang.AssertionError: expected [true] but found [false]
	at org.testng.Assert.fail(Assert.java:94)
	at org.testng.Assert.failNotEquals(Assert.java:494)
	at org.testng.Assert.assertTrue(Assert.java:42)
	at org.testng.Assert.assertTrue(Assert.java:52)
	at net.bigpoint.assessment.gasstation.implementation.StationImplTest.testBuyGas(StationImplTest.java:126)
testBuyGas(net.bigpoint.assessment.gasstation.implementation.StationImplTest)  Time elapsed: 5.113 sec  <<< FAILURE!
java.lang.AssertionError: expected [true] but found [false]
	at org.testng.Assert.fail(Assert.java:94)
	at org.testng.Assert.failNotEquals(Assert.java:494)
	at org.testng.Assert.assertTrue(Assert.java:42)
	at org.testng.Assert.assertTrue(Assert.java:52)
	at net.bigpoint.assessment.gasstation.implementation.StationImplTest.testBuyGas(StationImplTest.java:126)
testBuyGas(net.bigpoint.assessment.gasstation.implementation.StationImplTest)  Time elapsed: 5.115 sec  <<< FAILURE!
java.lang.AssertionError: expected [true] but found [false]
	at org.testng.Assert.fail(Assert.java:94)
	at org.testng.Assert.failNotEquals(Assert.java:494)
	at org.testng.Assert.assertTrue(Assert.java:42)
	at org.testng.Assert.assertTrue(Assert.java:52)
	at net.bigpoint.assessment.gasstation.implementation.StationImplTest.testBuyGas(StationImplTest.java:126)
testBuyGas(net.bigpoint.assessment.gasstation.implementation.StationImplTest)  Time elapsed: 5.117 sec  <<< FAILURE!
java.lang.AssertionError: expected [true] but found [false]
	at org.testng.Assert.fail(Assert.java:94)
	at org.testng.Assert.failNotEquals(Assert.java:494)
	at org.testng.Assert.assertTrue(Assert.java:42)
	at org.testng.Assert.assertTrue(Assert.java:52)
	at net.bigpoint.assessment.gasstation.implementation.StationImplTest.testBuyGas(StationImplTest.java:126)
testBuyGas(net.bigpoint.assessment.gasstation.implementation.StationImplTest)  Time elapsed: 5.119 sec  <<< FAILURE!
java.lang.AssertionError: expected [true] but found [false]
	at org.testng.Assert.fail(Assert.java:94)
	at org.testng.Assert.failNotEquals(Assert.java:494)
	at org.testng.Assert.assertTrue(Assert.java:42)
[...]
	at org.testng.Assert.assertTrue(Assert.java:42)
	at org.testng.Assert.assertTrue(Assert.java:52)
	at net.bigpoint.assessment.gasstation.implementation.StationImplTest.testBuyGasDepleted(StationImplTest.java:147)
testBuyGasDepleted(net.bigpoint.assessment.gasstation.implementation.StationImplTest)  Time elapsed: 5.859 sec  <<< FAILURE!
java.lang.AssertionError: expected [true] but found [false]
	at org.testng.Assert.fail(Assert.java:94)
	at org.testng.Assert.failNotEquals(Assert.java:494)
	at org.testng.Assert.assertTrue(Assert.java:42)
	at org.testng.Assert.assertTrue(Assert.java:52)
	at net.bigpoint.assessment.gasstation.implementation.StationImplTest.testBuyGasDepleted(StationImplTest.java:147)
testBuyGasDepleted(net.bigpoint.assessment.gasstation.implementation.StationImplTest)  Time elapsed: 5.859 sec  <<< FAILURE!
java.lang.AssertionError: expected [true] but found [false]
	at org.testng.Assert.fail(Assert.java:94)
	at org.testng.Assert.failNotEquals(Assert.java:494)
	at org.testng.Assert.assertTrue(Assert.java:42)
	at org.testng.Assert.assertTrue(Assert.java:52)
	at net.bigpoint.assessment.gasstation.implementation.StationImplTest.testBuyGasDepleted(StationImplTest.java:147)
testBuyGasDepleted(net.bigpoint.assessment.gasstation.implementation.StationImplTest)  Time elapsed: 5.859 sec  <<< FAILURE!
java.lang.AssertionError: expected [true] but found [false]
	at org.testng.Assert.fail(Assert.java:94)
	at org.testng.Assert.failNotEquals(Assert.java:494)
	at org.testng.Assert.assertTrue(Assert.java:42)
	at org.testng.Assert.assertTrue(Assert.java:52)
	at net.bigpoint.assessment.gasstation.implementation.StationImplTest.testBuyGasDepleted(StationImplTest.java:147)
testBuyGasDepleted(net.bigpoint.assessment.gasstation.implementation.StationImplTest)  Time elapsed: 5.86 sec  <<< FAILURE!
java.lang.AssertionError: expected [true] but found [false]
	at org.testng.Assert.fail(Assert.java:94)
	at org.testng.Assert.failNotEquals(Assert.java:494)
	at org.testng.Assert.assertTrue(Assert.java:42)
	at org.testng.Assert.assertTrue(Assert.java:52)
	at net.bigpoint.assessment.gasstation.implementation.StationImplTest.testBuyGasDepleted(StationImplTest.java:147)
testBuyGasDepleted(net.bigpoint.assessment.gasstation.implementation.StationImplTest)  Time elapsed: 5.86 sec  <<< FAILURE!
java.lang.AssertionError: expected [true] but found [false]
	at org.testng.Assert.fail(Assert.java:94)
	at org.testng.Assert.failNotEquals(Assert.java:494)
	at org.testng.Assert.assertTrue(Assert.java:42)
	at org.testng.Assert.assertTrue(Assert.java:52)
	at net.bigpoint.assessment.gasstation.implementation.StationImplTest.testBuyGasDepleted(StationImplTest.java:147)
testBuyGasDepleted(net.bigpoint.assessment.gasstation.implementation.StationImplTest)  Time elapsed: 5.86 sec  <<< FAILURE!
java.lang.AssertionError: expected [true] but found [false]
	at org.testng.Assert.fail(Assert.java:94)
	at org.testng.Assert.failNotEquals(Assert.java:494)
	at org.testng.Assert.assertTrue(Assert.java:42)
	at org.testng.Assert.assertTrue(Assert.java:52)
	at net.bigpoint.assessment.gasstation.implementation.StationImplTest.testBuyGasDepleted(StationImplTest.java:147)
testBuyGasDepleted(net.bigpoint.assessment.gasstation.implementation.StationImplTest)  Time elapsed: 5.861 sec  <<< FAILURE!
java.lang.AssertionError: expected [true] but found [false]
	at org.testng.Assert.fail(Assert.java:94)
	at org.testng.Assert.failNotEquals(Assert.java:494)
	at org.testng.Assert.assertTrue(Assert.java:42)
	at org.testng.Assert.assertTrue(Assert.java:52)
	at net.bigpoint.assessment.gasstation.implementation.StationImplTest.testBuyGasDepleted(StationImplTest.java:147)
testBuyGasDepleted(net.bigpoint.assessment.gasstation.implementation.StationImplTest)  Time elapsed: 5.861 sec  <<< FAILURE!
java.lang.AssertionError: expected [true] but found [false]
	at org.testng.Assert.fail(Assert.java:94)
	at org.testng.Assert.failNotEquals(Assert.java:494)
	at org.testng.Assert.assertTrue(Assert.java:42)
	at org.testng.Assert.assertTrue(Assert.java:52)
	at net.bigpoint.assessment.gasstation.implementation.StationImplTest.testBuyGasDepleted(StationImplTest.java:147)
testBuyGasDepleted(net.bigpoint.assessment.gasstation.implementation.StationImplTest)  Time elapsed: 5.861 sec  <<< FAILURE!
java.lang.AssertionError: expected [true] but found [false]
	at org.testng.Assert.fail(Assert.java:94)
	at org.testng.Assert.failNotEquals(Assert.java:494)
	at org.testng.Assert.assertTrue(Assert.java:42)
	at org.testng.Assert.assertTrue(Assert.java:52)
	at net.bigpoint.assessment.gasstation.implementation.StationImplTest.testBuyGasDepleted(StationImplTest.java:147)
testBuyGasDepleted(net.bigpoint.assessment.gasstation.implementation.StationImplTest)  Time elapsed: 5.862 sec  <<< FAILURE!
java.lang.AssertionError: expected [true] but found [false]
	at org.testng.Assert.fail(Assert.java:94)
	at org.testng.Assert.failNotEquals(Assert.java:494)
	at org.testng.Assert.assertTrue(Assert.java:42)
	at org.testng.Assert.assertTrue(Assert.java:52)
	at net.bigpoint.assessment.gasstation.implementation.StationImplTest.testBuyGasDepleted(StationImplTest.java:147)
testBuyGasDepleted(net.bigpoint.assessment.gasstation.implementation.StationImplTest)  Time elapsed: 5.862 sec  <<< FAILURE!
java.lang.AssertionError: expected [true] but found [false]
	at org.testng.Assert.fail(Assert.java:94)
	at org.testng.Assert.failNotEquals(Assert.java:494)
	at org.testng.Assert.assertTrue(Assert.java:42)
	at org.testng.Assert.assertTrue(Assert.java:52)
	at net.bigpoint.assessment.gasstation.implementation.StationImplTest.testBuyGasDepleted(StationImplTest.java:147)
testBuyGasDepleted(net.bigpoint.assessment.gasstation.implementation.StationImplTest)  Time elapsed: 5.862 sec  <<< FAILURE!
java.lang.AssertionError: expected [true] but found [false]
	at org.testng.Assert.fail(Assert.java:94)
	at org.testng.Assert.failNotEquals(Assert.java:494)
	at org.testng.Assert.assertTrue(Assert.java:42)
	at org.testng.Assert.assertTrue(Assert.java:52)
	at net.bigpoint.assessment.gasstation.implementation.StationImplTest.testBuyGasDepleted(StationImplTest.java:147)
testBuyGasDepleted(net.bigpoint.assessment.gasstation.implementation.StationImplTest)  Time elapsed: 5.863 sec  <<< FAILURE!
java.lang.AssertionError: expected [true] but found [false]
	at org.testng.Assert.fail(Assert.java:94)
	at org.testng.Assert.failNotEquals(Assert.java:494)
	at org.testng.Assert.assertTrue(Assert.java:42)
	at org.testng.Assert.assertTrue(Assert.java:52)
	at net.bigpoint.assessment.gasstation.implementation.StationImplTest.testBuyGasDepleted(StationImplTest.java:147)
testBuyGasDepleted(net.bigpoint.assessment.gasstation.implementation.StationImplTest)  Time elapsed: 5.863 sec  <<< FAILURE!
java.lang.AssertionError: expected [true] but found [false]
	at org.testng.Assert.fail(Assert.java:94)
	at org.testng.Assert.failNotEquals(Assert.java:494)
	at org.testng.Assert.assertTrue(Assert.java:42)
	at org.testng.Assert.assertTrue(Assert.java:52)
	at net.bigpoint.assessment.gasstation.implementation.StationImplTest.testBuyGasDepleted(StationImplTest.java:147)
testBuyGasDepleted(net.bigpoint.assessment.gasstation.implementation.StationImplTest)  Time elapsed: 5.863 sec  <<< FAILURE!
java.lang.AssertionError: expected [true] but found [false]
	at org.testng.Assert.fail(Assert.java:94)
	at org.testng.Assert.failNotEquals(Assert.java:494)
	at org.testng.Assert.assertTrue(Assert.java:42)
	at org.testng.Assert.assertTrue(Assert.java:52)
	at net.bigpoint.assessment.gasstation.implementation.StationImplTest.testBuyGasDepleted(StationImplTest.java:147)
testBuyGasDepleted(net.bigpoint.assessment.gasstation.implementation.StationImplTest)  Time elapsed: 5.864 sec  <<< FAILURE!
java.lang.AssertionError: expected [true] but found [false]
	at org.testng.Assert.fail(Assert.java:94)
	at org.testng.Assert.failNotEquals(Assert.java:494)
	at org.testng.Assert.assertTrue(Assert.java:42)
	at org.testng.Assert.assertTrue(Assert.java:52)
	at net.bigpoint.assessment.gasstation.implementation.StationImplTest.testBuyGasDepleted(StationImplTest.java:147)
testBuyGasDepleted(net.bigpoint.assessment.gasstation.implementation.StationImplTest)  Time elapsed: 5.864 sec  <<< FAILURE!
java.lang.AssertionError: expected [true] but found [false]
	at org.testng.Assert.fail(Assert.java:94)
	at org.testng.Assert.failNotEquals(Assert.java:494)
	at org.testng.Assert.assertTrue(Assert.java:42)
	at org.testng.Assert.assertTrue(Assert.java:52)
	at net.bigpoint.assessment.gasstation.implementation.StationImplTest.testBuyGasDepleted(StationImplTest.java:147)
testBuyGasDepleted(net.bigpoint.assessment.gasstation.implementation.StationImplTest)  Time elapsed: 5.865 sec  <<< FAILURE!
java.lang.AssertionError: expected [true] but found [false]
	at org.testng.Assert.fail(Assert.java:94)
	at org.testng.Assert.failNotEquals(Assert.java:494)
	at org.testng.Assert.assertTrue(Assert.java:42)
	at org.testng.Assert.assertTrue(Assert.java:52)
	at net.bigpoint.assessment.gasstation.implementation.StationImplTest.testBuyGasDepleted(StationImplTest.java:147)
testBuyGasDepleted(net.bigpoint.assessment.gasstation.implementation.StationImplTest)  Time elapsed: 5.865 sec  <<< FAILURE!
java.lang.AssertionError: expected [true] but found [false]
	at org.testng.Assert.fail(Assert.java:94)
	at org.testng.Assert.failNotEquals(Assert.java:494)
	at org.testng.Assert.assertTrue(Assert.java:42)
	at org.testng.Assert.assertTrue(Assert.java:52)
	at net.bigpoint.assessment.gasstation.implementation.StationImplTest.testBuyGasDepleted(StationImplTest.java:147)
testBuyGasDepleted(net.bigpoint.assessment.gasstation.implementation.StationImplTest)  Time elapsed: 5.865 sec  <<< FAILURE!
java.lang.AssertionError: expected [true] but found [false]
	at org.testng.Assert.fail(Assert.java:94)
	at org.testng.Assert.failNotEquals(Assert.java:494)
	at org.testng.Assert.assertTrue(Assert.java:42)
	at org.testng.Assert.assertTrue(Assert.java:52)
	at net.bigpoint.assessment.gasstation.implementation.StationImplTest.testBuyGasDepleted(StationImplTest.java:147)
testBuyGasDepleted(net.bigpoint.assessment.gasstation.implementation.StationImplTest)  Time elapsed: 5.865 sec  <<< FAILURE!
java.lang.AssertionError: expected [true] but found [false]
	at org.testng.Assert.fail(Assert.java:94)
	at org.testng.Assert.failNotEquals(Assert.java:494)
	at org.testng.Assert.assertTrue(Assert.java:42)
	at org.testng.Assert.assertTrue(Assert.java:52)
	at net.bigpoint.assessment.gasstation.implementation.StationImplTest.testBuyGasDepleted(StationImplTest.java:147)
testBuyGasDepleted(net.bigpoint.assessment.gasstation.implementation.StationImplTest)  Time elapsed: 5.866 sec  <<< FAILURE!
java.lang.AssertionError: expected [true] but found [false]
	at org.testng.Assert.fail(Assert.java:94)
	at org.testng.Assert.failNotEquals(Assert.java:494)
	at org.testng.Assert.assertTrue(Assert.java:42)
	at org.testng.Assert.assertTrue(Assert.java:52)
	at net.bigpoint.assessment.gasstation.implementation.StationImplTest.testBuyGasDepleted(StationImplTest.java:147)
testBuyGasDepleted(net.bigpoint.assessment.gasstation.implementation.StationImplTest)  Time elapsed: 5.866 sec  <<< FAILURE!
java.lang.AssertionError: expected [true] but found [false]
	at org.testng.Assert.fail(Assert.java:94)
	at org.testng.Assert.failNotEquals(Assert.java:494)
	at org.testng.Assert.assertTrue(Assert.java:42)
	at org.testng.Assert.assertTrue(Assert.java:52)
	at net.bigpoint.assessment.gasstation.implementation.StationImplTest.testBuyGasDepleted(StationImplTest.java:147)
testBuyGasDepleted(net.bigpoint.assessment.gasstation.implementation.StationImplTest)  Time elapsed: 5.867 sec  <<< FAILURE!
java.lang.AssertionError: expected [true] but found [false]
	at org.testng.Assert.fail(Assert.java:94)
	at org.testng.Assert.failNotEquals(Assert.java:494)
	at org.testng.Assert.assertTrue(Assert.java:42)
	at org.testng.Assert.assertTrue(Assert.java:52)
	at net.bigpoint.assessment.gasstation.implementation.StationImplTest.testBuyGasDepleted(StationImplTest.java:147)
testBuyGasDepleted(net.bigpoint.assessment.gasstation.implementation.StationImplTest)  Time elapsed: 5.867 sec  <<< FAILURE!
java.lang.AssertionError: expected [true] but found [false]
	at org.testng.Assert.fail(Assert.java:94)
	at org.testng.Assert.failNotEquals(Assert.java:494)
	at org.testng.Assert.assertTrue(Assert.java:42)
	at org.testng.Assert.assertTrue(Assert.java:52)
	at net.bigpoint.assessment.gasstation.implementation.StationImplTest.testBuyGasDepleted(StationImplTest.java:147)
testBuyGasDepleted(net.bigpoint.assessment.gasstation.implementation.StationImplTest)  Time elapsed: 5.867 sec  <<< FAILURE!
java.lang.AssertionError: expected [true] but found [false]
	at org.testng.Assert.fail(Assert.java:94)
	at org.testng.Assert.failNotEquals(Assert.java:494)
	at org.testng.Assert.assertTrue(Assert.java:42)
	at org.testng.Assert.assertTrue(Assert.java:52)
	at net.bigpoint.assessment.gasstation.implementation.StationImplTest.testBuyGasDepleted(StationImplTest.java:147)
testBuyGasDepleted(net.bigpoint.assessment.gasstation.implementation.StationImplTest)  Time elapsed: 5.867 sec  <<< FAILURE!
java.lang.AssertionError: expected [true] but found [false]
	at org.testng.Assert.fail(Assert.java:94)
	at org.testng.Assert.failNotEquals(Assert.java:494)
	at org.testng.Assert.assertTrue(Assert.java:42)
	at org.testng.Assert.assertTrue(Assert.java:52)
	at net.bigpoint.assessment.gasstation.implementation.StationImplTest.testBuyGasDepleted(StationImplTest.java:147)
testBuyGasDepleted(net.bigpoint.assessment.gasstation.implementation.StationImplTest)  Time elapsed: 5.868 sec  <<< FAILURE!
java.lang.AssertionError: expected [true] but found [false]
	at org.testng.Assert.fail(Assert.java:94)
	at org.testng.Assert.failNotEquals(Assert.java:494)
	at org.testng.Assert.assertTrue(Assert.java:42)
	at org.testng.Assert.assertTrue(Assert.java:52)
	at net.bigpoint.assessment.gasstation.implementation.StationImplTest.testBuyGasDepleted(StationImplTest.java:147)
testBuyGasDepleted(net.bigpoint.assessment.gasstation.implementation.StationImplTest)  Time elapsed: 5.868 sec  <<< FAILURE!
java.lang.AssertionError: expected [true] but found [false]
	at org.testng.Assert.fail(Assert.java:94)
	at org.testng.Assert.failNotEquals(Assert.java:494)
	at org.testng.Assert.assertTrue(Assert.java:42)
	at org.testng.Assert.assertTrue(Assert.java:52)
	at net.bigpoint.assessment.gasstation.implementation.StationImplTest.testBuyGasDepleted(StationImplTest.java:147)
testBuyGasDepleted(net.bigpoint.assessment.gasstation.implementation.StationImplTest)  Time elapsed: 5.868 sec  <<< FAILURE!
java.lang.AssertionError: expected [true] but found [false]
	at org.testng.Assert.fail(Assert.java:94)
	at org.testng.Assert.failNotEquals(Assert.java:494)
	at org.testng.Assert.assertTrue(Assert.java:42)
	at org.testng.Assert.assertTrue(Assert.java:52)
	at net.bigpoint.assessment.gasstation.implementation.StationImplTest.testBuyGasDepleted(StationImplTest.java:147)
testBuyGasDepleted(net.bigpoint.assessment.gasstation.implementation.StationImplTest)  Time elapsed: 5.869 sec  <<< FAILURE!
java.lang.AssertionError: expected [true] but found [false]
	at org.testng.Assert.fail(Assert.java:94)
	at org.testng.Assert.failNotEquals(Assert.java:494)
	at org.testng.Assert.assertTrue(Assert.java:42)
	at org.testng.Assert.assertTrue(Assert.java:52)
	at net.bigpoint.assessment.gasstation.implementation.StationImplTest.testBuyGasDepleted(StationImplTest.java:147)
testBuyGasDepleted(net.bigpoint.assessment.gasstation.implementation.StationImplTest)  Time elapsed: 5.869 sec  <<< FAILURE!
java.lang.AssertionError: expected [true] but found [false]
	at org.testng.Assert.fail(Assert.java:94)
	at org.testng.Assert.failNotEquals(Assert.java:494)
	at org.testng.Assert.assertTrue(Assert.java:42)
	at org.testng.Assert.assertTrue(Assert.java:52)
	at net.bigpoint.assessment.gasstation.implementation.StationImplTest.testBuyGasDepleted(StationImplTest.java:147)
testBuyGasDepleted(net.bigpoint.assessment.gasstation.implementation.StationImplTest)  Time elapsed: 5.869 sec  <<< FAILURE!
java.lang.AssertionError: expected [true] but found [false]
	at org.testng.Assert.fail(Assert.java:94)
	at org.testng.Assert.failNotEquals(Assert.java:494)
	at org.testng.Assert.assertTrue(Assert.java:42)
	at org.testng.Assert.assertTrue(Assert.java:52)
	at net.bigpoint.assessment.gasstation.implementation.StationImplTest.testBuyGasDepleted(StationImplTest.java:147)
testBuyGasDepleted(net.bigpoint.assessment.gasstation.implementation.StationImplTest)  Time elapsed: 5.869 sec  <<< FAILURE!
java.lang.AssertionError: expected [true] but found [false]
	at org.testng.Assert.fail(Assert.java:94)
	at org.testng.Assert.failNotEquals(Assert.java:494)
	at org.testng.Assert.assertTrue(Assert.java:42)
	at org.testng.Assert.assertTrue(Assert.java:52)
	at net.bigpoint.assessment.gasstation.implementation.StationImplTest.testBuyGasDepleted(StationImplTest.java:147)
testBuyGasDepleted(net.bigpoint.assessment.gasstation.implementation.StationImplTest)  Time elapsed: 5.87 sec  <<< FAILURE!
java.lang.AssertionError: expected [true] but found [false]
	at org.testng.Assert.fail(Assert.java:94)
	at org.testng.Assert.failNotEquals(Assert.java:494)
	at org.testng.Assert.assertTrue(Assert.java:42)
	at org.testng.Assert.assertTrue(Assert.java:52)
	at net.bigpoint.assessment.gasstation.implementation.StationImplTest.testBuyGasDepleted(StationImplTest.java:147)
testBuyGasDepleted(net.bigpoint.assessment.gasstation.implementation.StationImplTest)  Time elapsed: 5.87 sec  <<< FAILURE!
java.lang.AssertionError: expected [true] but found [false]
	at org.testng.Assert.fail(Assert.java:94)
	at org.testng.Assert.failNotEquals(Assert.java:494)
	at org.testng.Assert.assertTrue(Assert.java:42)
	at org.testng.Assert.assertTrue(Assert.java:52)
	at net.bigpoint.assessment.gasstation.implementation.StationImplTest.testBuyGasDepleted(StationImplTest.java:147)
testBuyGasDepleted(net.bigpoint.assessment.gasstation.implementation.StationImplTest)  Time elapsed: 5.87 sec  <<< FAILURE!
java.lang.AssertionError: expected [true] but found [false]
	at org.testng.Assert.fail(Assert.java:94)
	at org.testng.Assert.failNotEquals(Assert.java:494)
	at org.testng.Assert.assertTrue(Assert.java:42)
	at org.testng.Assert.assertTrue(Assert.java:52)
	at net.bigpoint.assessment.gasstation.implementation.StationImplTest.testBuyGasDepleted(StationImplTest.java:147)
testBuyGasDepleted(net.bigpoint.assessment.gasstation.implementation.StationImplTest)  Time elapsed: 5.87 sec  <<< FAILURE!
java.lang.AssertionError: expected [true] but found [false]
	at org.testng.Assert.fail(Assert.java:94)
	at org.testng.Assert.failNotEquals(Assert.java:494)
	at org.testng.Assert.assertTrue(Assert.java:42)
	at org.testng.Assert.assertTrue(Assert.java:52)
	at net.bigpoint.assessment.gasstation.implementation.StationImplTest.testBuyGasDepleted(StationImplTest.java:147)
testBuyGasDepleted(net.bigpoint.assessment.gasstation.implementation.StationImplTest)  Time elapsed: 5.871 sec  <<< FAILURE!
java.lang.AssertionError: expected [true] but found [false]
	at org.testng.Assert.fail(Assert.java:94)
	at org.testng.Assert.failNotEquals(Assert.java:494)
	at org.testng.Assert.assertTrue(Assert.java:42)
	at org.testng.Assert.assertTrue(Assert.java:52)
	at net.bigpoint.assessment.gasstation.implementation.StationImplTest.testBuyGasDepleted(StationImplTest.java:147)
testBuyGasDepleted(net.bigpoint.assessment.gasstation.implementation.StationImplTest)  Time elapsed: 5.871 sec  <<< FAILURE!
java.lang.AssertionError: expected [true] but found [false]
	at org.testng.Assert.fail(Assert.java:94)
	at org.testng.Assert.failNotEquals(Assert.java:494)
	at org.testng.Assert.assertTrue(Assert.java:42)
	at org.testng.Assert.assertTrue(Assert.java:52)
	at net.bigpoint.assessment.gasstation.implementation.StationImplTest.testBuyGasDepleted(StationImplTest.java:147)
